;  LST file generated by mikroListExporter - v.2.0 
; Date/Time: 13/05/2023 08:36:51 ã
;----------------------------------------------

;Address Opcode 	ASM
0x0000	0x2A7A      	GOTO       634
_interrupt:
0x0004	0x00FF      	MOVWF      R15
0x0005	0x0E03      	SWAPF      STATUS, 0
0x0006	0x0183      	CLRF       STATUS
0x0007	0x1683      	BSF        STATUS, 5
0x0008	0x00B7      	MOVWF      ___saveSTATUS
0x0009	0x080A      	MOVF       PCLATH, 0
0x000A	0x00B6      	MOVWF      ___savePCLATH
0x000B	0x018A      	CLRF       PCLATH
;MyProject.c,172 :: 		void interrupt() { // Interrupt handler
;MyProject.c,173 :: 		if (INTCON.TMR0IF==1) { // check for timer 0 interrupt flag
0x000C	0x1D0B      	BTFSS      INTCON, 2
0x000D	0x2815      	GOTO       L_interrupt39
;MyProject.c,174 :: 		counter++; // increment 1 every interrupt
0x000E	0x1283      	BCF        STATUS, 5
0x000F	0x0AC0      	INCF       _counter, 1
0x0010	0x1903      	BTFSC      STATUS, 2
0x0011	0x0AC1      	INCF       _counter+1, 1
;MyProject.c,175 :: 		INTCON.TMR0IF=0; // reset the TMR0IF flag
0x0012	0x110B      	BCF        INTCON, 2
;MyProject.c,176 :: 		TMR0=6; // store 6 in the TMR0 register
0x0013	0x3006      	MOVLW      6
0x0014	0x0081      	MOVWF      TMR0
;MyProject.c,177 :: 		}
L_interrupt39:
;MyProject.c,178 :: 		}
L_end_interrupt:
L__interrupt47:
0x0015	0x1683      	BSF        STATUS, 5
0x0016	0x0836      	MOVF       ___savePCLATH, 0
0x0017	0x008A      	MOVWF      PCLATH
0x0018	0x0E37      	SWAPF      ___saveSTATUS, 0
0x0019	0x0083      	MOVWF      STATUS
0x001A	0x0EFF      	SWAPF      R15, 1
0x001B	0x0E7F      	SWAPF      R15, 0
0x001C	0x0009      	RETFIE
; end of _interrupt
_Delay_1us:
;__Lib_Delays.c,7 :: 		void Delay_1us() {
;__Lib_Delays.c,8 :: 		Delay_us(1);
0x001D	0x0000      	NOP
;__Lib_Delays.c,9 :: 		}
L_end_Delay_1us:
0x001E	0x0008      	RETURN
; end of _Delay_1us
_Delay_5500us:
;__Lib_Delays.c,31 :: 		void Delay_5500us() {
;__Lib_Delays.c,32 :: 		Delay_us(5500);
0x001F	0x3008      	MOVLW      8
0x0020	0x1283      	BCF        STATUS, 5
0x0021	0x1303      	BCF        STATUS, 6
0x0022	0x00FC      	MOVWF      R12
0x0023	0x3023      	MOVLW      35
0x0024	0x00FD      	MOVWF      R13
L_Delay_5500us5:
0x0025	0x0BFD      	DECFSZ     R13, 1
0x0026	0x2825      	GOTO       L_Delay_5500us5
0x0027	0x0BFC      	DECFSZ     R12, 1
0x0028	0x2825      	GOTO       L_Delay_5500us5
;__Lib_Delays.c,33 :: 		}
L_end_Delay_5500us:
0x0029	0x0008      	RETURN
; end of _Delay_5500us
_Delay_50us:
;__Lib_Delays.c,19 :: 		void Delay_50us() {
;__Lib_Delays.c,20 :: 		Delay_us(50);
0x002A	0x3010      	MOVLW      16
0x002B	0x1283      	BCF        STATUS, 5
0x002C	0x1303      	BCF        STATUS, 6
0x002D	0x00FD      	MOVWF      R13
L_Delay_50us2:
0x002E	0x0BFD      	DECFSZ     R13, 1
0x002F	0x282E      	GOTO       L_Delay_50us2
0x0030	0x0000      	NOP
;__Lib_Delays.c,21 :: 		}
L_end_Delay_50us:
0x0031	0x0008      	RETURN
; end of _Delay_50us
_Lcd_Cmd:
;__Lib_Lcd.c,18 :: 		
;__Lib_Lcd.c,20 :: 		
0x0032	0x1683      	BSF        STATUS, 5
0x0033	0x1303      	BCF        STATUS, 6
0x0034	0x1BC7      	BTFSC      FARG_Lcd_Cmd_out_char, 7
0x0035	0x2839      	GOTO       L__Lcd_Cmd21
0x0036	0x1283      	BCF        STATUS, 5
0x0037	0x1387      	BCF        LCD_D7, BitPos(LCD_D7+0)
0x0038	0x283B      	GOTO       L__Lcd_Cmd22
L__Lcd_Cmd21:
0x0039	0x1283      	BCF        STATUS, 5
0x003A	0x1787      	BSF        LCD_D7, BitPos(LCD_D7+0)
L__Lcd_Cmd22:
;__Lib_Lcd.c,21 :: 		
0x003B	0x1683      	BSF        STATUS, 5
0x003C	0x1B47      	BTFSC      FARG_Lcd_Cmd_out_char, 6
0x003D	0x2841      	GOTO       L__Lcd_Cmd23
0x003E	0x1283      	BCF        STATUS, 5
0x003F	0x1307      	BCF        LCD_D6, BitPos(LCD_D6+0)
0x0040	0x2843      	GOTO       L__Lcd_Cmd24
L__Lcd_Cmd23:
0x0041	0x1283      	BCF        STATUS, 5
0x0042	0x1707      	BSF        LCD_D6, BitPos(LCD_D6+0)
L__Lcd_Cmd24:
;__Lib_Lcd.c,22 :: 		
0x0043	0x1683      	BSF        STATUS, 5
0x0044	0x1AC7      	BTFSC      FARG_Lcd_Cmd_out_char, 5
0x0045	0x2849      	GOTO       L__Lcd_Cmd25
0x0046	0x1283      	BCF        STATUS, 5
0x0047	0x1287      	BCF        LCD_D5, BitPos(LCD_D5+0)
0x0048	0x284B      	GOTO       L__Lcd_Cmd26
L__Lcd_Cmd25:
0x0049	0x1283      	BCF        STATUS, 5
0x004A	0x1687      	BSF        LCD_D5, BitPos(LCD_D5+0)
L__Lcd_Cmd26:
;__Lib_Lcd.c,23 :: 		
0x004B	0x1683      	BSF        STATUS, 5
0x004C	0x1A47      	BTFSC      FARG_Lcd_Cmd_out_char, 4
0x004D	0x2851      	GOTO       L__Lcd_Cmd27
0x004E	0x1283      	BCF        STATUS, 5
0x004F	0x1207      	BCF        LCD_D4, BitPos(LCD_D4+0)
0x0050	0x2853      	GOTO       L__Lcd_Cmd28
L__Lcd_Cmd27:
0x0051	0x1283      	BCF        STATUS, 5
0x0052	0x1607      	BSF        LCD_D4, BitPos(LCD_D4+0)
L__Lcd_Cmd28:
;__Lib_Lcd.c,25 :: 		
0x0053	0x186E      	BTFSC      __Lib_Lcd_cmd_status, BitPos(__Lib_Lcd_cmd_status+0)
0x0054	0x2857      	GOTO       L__Lcd_Cmd29
0x0055	0x1507      	BSF        LCD_RS, BitPos(LCD_RS+0)
0x0056	0x2858      	GOTO       L__Lcd_Cmd30
L__Lcd_Cmd29:
0x0057	0x1107      	BCF        LCD_RS, BitPos(LCD_RS+0)
L__Lcd_Cmd30:
;__Lib_Lcd.c,28 :: 		
0x0058	0x1587      	BSF        LCD_EN, BitPos(LCD_EN+0)
;__Lib_Lcd.c,29 :: 		
0x0059	0x201D      	CALL       _Delay_1us
;__Lib_Lcd.c,30 :: 		
0x005A	0x1187      	BCF        LCD_EN, BitPos(LCD_EN+0)
;__Lib_Lcd.c,33 :: 		
0x005B	0x1683      	BSF        STATUS, 5
0x005C	0x19C7      	BTFSC      FARG_Lcd_Cmd_out_char, 3
0x005D	0x2861      	GOTO       L__Lcd_Cmd31
0x005E	0x1283      	BCF        STATUS, 5
0x005F	0x1387      	BCF        LCD_D7, BitPos(LCD_D7+0)
0x0060	0x2863      	GOTO       L__Lcd_Cmd32
L__Lcd_Cmd31:
0x0061	0x1283      	BCF        STATUS, 5
0x0062	0x1787      	BSF        LCD_D7, BitPos(LCD_D7+0)
L__Lcd_Cmd32:
;__Lib_Lcd.c,34 :: 		
0x0063	0x1683      	BSF        STATUS, 5
0x0064	0x1947      	BTFSC      FARG_Lcd_Cmd_out_char, 2
0x0065	0x2869      	GOTO       L__Lcd_Cmd33
0x0066	0x1283      	BCF        STATUS, 5
0x0067	0x1307      	BCF        LCD_D6, BitPos(LCD_D6+0)
0x0068	0x286B      	GOTO       L__Lcd_Cmd34
L__Lcd_Cmd33:
0x0069	0x1283      	BCF        STATUS, 5
0x006A	0x1707      	BSF        LCD_D6, BitPos(LCD_D6+0)
L__Lcd_Cmd34:
;__Lib_Lcd.c,35 :: 		
0x006B	0x1683      	BSF        STATUS, 5
0x006C	0x18C7      	BTFSC      FARG_Lcd_Cmd_out_char, 1
0x006D	0x2871      	GOTO       L__Lcd_Cmd35
0x006E	0x1283      	BCF        STATUS, 5
0x006F	0x1287      	BCF        LCD_D5, BitPos(LCD_D5+0)
0x0070	0x2873      	GOTO       L__Lcd_Cmd36
L__Lcd_Cmd35:
0x0071	0x1283      	BCF        STATUS, 5
0x0072	0x1687      	BSF        LCD_D5, BitPos(LCD_D5+0)
L__Lcd_Cmd36:
;__Lib_Lcd.c,36 :: 		
0x0073	0x1683      	BSF        STATUS, 5
0x0074	0x1847      	BTFSC      FARG_Lcd_Cmd_out_char, 0
0x0075	0x2879      	GOTO       L__Lcd_Cmd37
0x0076	0x1283      	BCF        STATUS, 5
0x0077	0x1207      	BCF        LCD_D4, BitPos(LCD_D4+0)
0x0078	0x287B      	GOTO       L__Lcd_Cmd38
L__Lcd_Cmd37:
0x0079	0x1283      	BCF        STATUS, 5
0x007A	0x1607      	BSF        LCD_D4, BitPos(LCD_D4+0)
L__Lcd_Cmd38:
;__Lib_Lcd.c,38 :: 		
0x007B	0x186E      	BTFSC      __Lib_Lcd_cmd_status, BitPos(__Lib_Lcd_cmd_status+0)
0x007C	0x287F      	GOTO       L__Lcd_Cmd39
0x007D	0x1507      	BSF        LCD_RS, BitPos(LCD_RS+0)
0x007E	0x2880      	GOTO       L__Lcd_Cmd40
L__Lcd_Cmd39:
0x007F	0x1107      	BCF        LCD_RS, BitPos(LCD_RS+0)
L__Lcd_Cmd40:
;__Lib_Lcd.c,40 :: 		
0x0080	0x1587      	BSF        LCD_EN, BitPos(LCD_EN+0)
;__Lib_Lcd.c,41 :: 		
0x0081	0x201D      	CALL       _Delay_1us
;__Lib_Lcd.c,42 :: 		
0x0082	0x1187      	BCF        LCD_EN, BitPos(LCD_EN+0)
;__Lib_Lcd.c,44 :: 		
0x0083	0x1C6E      	BTFSS      __Lib_Lcd_cmd_status, BitPos(__Lib_Lcd_cmd_status+0)
0x0084	0x2887      	GOTO       L_Lcd_Cmd0
;__Lib_Lcd.c,45 :: 		
0x0085	0x201F      	CALL       _Delay_5500us
0x0086	0x2888      	GOTO       L_Lcd_Cmd1
L_Lcd_Cmd0:
;__Lib_Lcd.c,47 :: 		
0x0087	0x202A      	CALL       _Delay_50us
L_Lcd_Cmd1:
;__Lib_Lcd.c,48 :: 		
L_end_Lcd_Cmd:
0x0088	0x0008      	RETURN
; end of _Lcd_Cmd
_Lcd_Chr_CP:
;__Lib_Lcd.c,50 :: 		
;__Lib_Lcd.c,52 :: 		
0x0089	0x1283      	BCF        STATUS, 5
0x008A	0x1303      	BCF        STATUS, 6
0x008B	0x106E      	BCF        __Lib_Lcd_cmd_status, BitPos(__Lib_Lcd_cmd_status+0)
;__Lib_Lcd.c,53 :: 		
0x008C	0x1683      	BSF        STATUS, 5
0x008D	0x0842      	MOVF       FARG_Lcd_Chr_CP_out_char, 0
0x008E	0x00C7      	MOVWF      FARG_Lcd_Cmd_out_char
0x008F	0x2032      	CALL       _Lcd_Cmd
;__Lib_Lcd.c,54 :: 		
0x0090	0x146E      	BSF        __Lib_Lcd_cmd_status, BitPos(__Lib_Lcd_cmd_status+0)
;__Lib_Lcd.c,55 :: 		
L_end_Lcd_Chr_CP:
0x0091	0x0008      	RETURN
; end of _Lcd_Chr_CP
_Delay_10us:
;__Lib_Delays.c,11 :: 		void Delay_10us() {
;__Lib_Delays.c,12 :: 		Delay_us(10);
0x0092	0x3003      	MOVLW      3
0x0093	0x1283      	BCF        STATUS, 5
0x0094	0x1303      	BCF        STATUS, 6
0x0095	0x00FD      	MOVWF      R13
L_Delay_10us0:
0x0096	0x0BFD      	DECFSZ     R13, 1
0x0097	0x2896      	GOTO       L_Delay_10us0
;__Lib_Delays.c,13 :: 		}
L_end_Delay_10us:
0x0098	0x0008      	RETURN
; end of _Delay_10us
_Keypad_Key_Press:
;__Lib_Keypad4x4.c,39 :: 		
;__Lib_Keypad4x4.c,43 :: 		
0x0099	0x1683      	BSF        STATUS, 5
0x009A	0x1303      	BCF        STATUS, 6
0x009B	0x01C2      	CLRF       Keypad_Key_Press_rslt_L0
;__Lib_Keypad4x4.c,44 :: 		
0x009C	0x01C4      	CLRF       Keypad_Key_Press_loc_L0
;__Lib_Keypad4x4.c,45 :: 		
0x009D	0x01C5      	CLRF       Keypad_Key_Press_rowcnt_L0
;__Lib_Keypad4x4.c,46 :: 		
0x009E	0x3010      	MOVLW      16
0x009F	0x00C6      	MOVWF      Keypad_Key_Press_shifter_L0
;__Lib_Keypad4x4.c,48 :: 		
L_Keypad_Key_Press0:
0x00A0	0x3004      	MOVLW      4
0x00A1	0x0245      	SUBWF      Keypad_Key_Press_rowcnt_L0, 0
0x00A2	0x1803      	BTFSC      STATUS, 0
0x00A3	0x28CE      	GOTO       L_Keypad_Key_Press1
;__Lib_Keypad4x4.c,50 :: 		
0x00A4	0x30F0      	MOVLW      240
0x00A5	0x1283      	BCF        STATUS, 5
0x00A6	0x0086      	MOVWF      keypadPort
;__Lib_Keypad4x4.c,51 :: 		
0x00A7	0x3080      	MOVLW      128
0x00A8	0x00F0      	MOVWF      R0
0x00A9	0x0870      	MOVF       R0, 0
0x00AA	0x3E06      	ADDLW      keypadPort
0x00AB	0x0084      	MOVWF      FSR
0x00AC	0x1683      	BSF        STATUS, 5
0x00AD	0x0946      	COMF       Keypad_Key_Press_shifter_L0, 0
0x00AE	0x00F0      	MOVWF      R0
0x00AF	0x0870      	MOVF       R0, 0
0x00B0	0x0080      	MOVWF      INDF
;__Lib_Keypad4x4.c,55 :: 		
0x00B1	0x201D      	CALL       _Delay_1us
;__Lib_Keypad4x4.c,56 :: 		
0x00B2	0x201D      	CALL       _Delay_1us
;__Lib_Keypad4x4.c,57 :: 		
0x00B3	0x300F      	MOVLW      15
0x00B4	0x1283      	BCF        STATUS, 5
0x00B5	0x0506      	ANDWF      keypadPort, 0
0x00B6	0x00F0      	MOVWF      R0
0x00B7	0x0870      	MOVF       R0, 0
0x00B8	0x1683      	BSF        STATUS, 5
0x00B9	0x00C3      	MOVWF      Keypad_Key_Press_kdata_L0
;__Lib_Keypad4x4.c,58 :: 		
0x00BA	0x0870      	MOVF       R0, 0
0x00BB	0x1903      	BTFSC      STATUS, 2
0x00BC	0x28C8      	GOTO       L_Keypad_Key_Press2
;__Lib_Keypad4x4.c,60 :: 		
0x00BD	0x0844      	MOVF       Keypad_Key_Press_loc_L0, 0
0x00BE	0x00C2      	MOVWF      Keypad_Key_Press_rslt_L0
;__Lib_Keypad4x4.c,61 :: 		
L_Keypad_Key_Press3:
0x00BF	0x0843      	MOVF       Keypad_Key_Press_kdata_L0, 0
0x00C0	0x1903      	BTFSC      STATUS, 2
0x00C1	0x28C6      	GOTO       L_Keypad_Key_Press4
;__Lib_Keypad4x4.c,62 :: 		
0x00C2	0x0CC3      	RRF        Keypad_Key_Press_kdata_L0, 1
0x00C3	0x13C3      	BCF        Keypad_Key_Press_kdata_L0, 7
;__Lib_Keypad4x4.c,63 :: 		
0x00C4	0x0AC2      	INCF       Keypad_Key_Press_rslt_L0, 1
;__Lib_Keypad4x4.c,64 :: 		
0x00C5	0x28BF      	GOTO       L_Keypad_Key_Press3
L_Keypad_Key_Press4:
;__Lib_Keypad4x4.c,66 :: 		
0x00C6	0x3004      	MOVLW      4
0x00C7	0x00C5      	MOVWF      Keypad_Key_Press_rowcnt_L0
;__Lib_Keypad4x4.c,67 :: 		
L_Keypad_Key_Press2:
;__Lib_Keypad4x4.c,68 :: 		
0x00C8	0x0DC6      	RLF        Keypad_Key_Press_shifter_L0, 1
0x00C9	0x1046      	BCF        Keypad_Key_Press_shifter_L0, 0
;__Lib_Keypad4x4.c,69 :: 		
0x00CA	0x3004      	MOVLW      4
0x00CB	0x07C4      	ADDWF      Keypad_Key_Press_loc_L0, 1
;__Lib_Keypad4x4.c,70 :: 		
0x00CC	0x0AC5      	INCF       Keypad_Key_Press_rowcnt_L0, 1
;__Lib_Keypad4x4.c,71 :: 		
0x00CD	0x28A0      	GOTO       L_Keypad_Key_Press0
L_Keypad_Key_Press1:
;__Lib_Keypad4x4.c,73 :: 		
0x00CE	0x0842      	MOVF       Keypad_Key_Press_rslt_L0, 0
0x00CF	0x00F0      	MOVWF      R0
;__Lib_Keypad4x4.c,74 :: 		
L_end_Keypad_Key_Press:
0x00D0	0x0008      	RETURN
; end of _Keypad_Key_Press
_____DoICP:
;__Lib_System.c,6 :: 		
;__Lib_System.c,9 :: 		
0x00D1	0x1683      	BSF        STATUS, 5
0x00D2	0x1303      	BCF        STATUS, 6
0x00D3	0x082C      	MOVF       ___DoICPAddr+1, 0
0x00D4	0x008A      	MOVWF      PCLATH
;__Lib_System.c,10 :: 		
0x00D5	0x082B      	MOVF       ___DoICPAddr, 0
0x00D6	0x0082      	MOVWF      PCL
;__Lib_System.c,12 :: 		
L_end_____DoICP:
0x00D7	0x0008      	RETURN
; end of _____DoICP
_Div_16X16_U:
;__Lib_Math.c,215 :: 		
;__Lib_Math.c,222 :: 		
0x00D8	0x1283      	BCF        STATUS, 5
;__Lib_Math.c,223 :: 		
0x00D9	0x1303      	BCF        STATUS, 6
;__Lib_Math.c,224 :: 		
0x00DA	0x01F8      	CLRF       R8
;__Lib_Math.c,225 :: 		
0x00DB	0x01F9      	CLRF       R9
;__Lib_Math.c,226 :: 		
0x00DC	0x3010      	MOVLW      16
;__Lib_Math.c,227 :: 		
0x00DD	0x00FC      	MOVWF      R12
;__Lib_Math.c,228 :: 		
0x00DE	0x0D71      	RLF        R1, 0
;__Lib_Math.c,229 :: 		
0x00DF	0x0DF8      	RLF        R8, 1
;__Lib_Math.c,230 :: 		
0x00E0	0x0DF9      	RLF        R9, 1
;__Lib_Math.c,231 :: 		
0x00E1	0x0874      	MOVF       R4, 0
;__Lib_Math.c,232 :: 		
0x00E2	0x02F8      	SUBWF      R8, 1
;__Lib_Math.c,233 :: 		
0x00E3	0x0875      	MOVF       R5, 0
;__Lib_Math.c,234 :: 		
0x00E4	0x1C03      	BTFSS      STATUS, 0
;__Lib_Math.c,235 :: 		
0x00E5	0x0F75      	INCFSZ     R5, 0
;__Lib_Math.c,236 :: 		
0x00E6	0x02F9      	SUBWF      R9, 1
;__Lib_Math.c,237 :: 		
0x00E7	0x1803      	BTFSC      STATUS, 0
;__Lib_Math.c,238 :: 		
0x00E8	0x28F0      	GOTO       $+8
;__Lib_Math.c,239 :: 		
0x00E9	0x0874      	MOVF       R4, 0
;__Lib_Math.c,240 :: 		
0x00EA	0x07F8      	ADDWF      R8, 1
;__Lib_Math.c,241 :: 		
0x00EB	0x0875      	MOVF       R5, 0
;__Lib_Math.c,242 :: 		
0x00EC	0x1803      	BTFSC      STATUS, 0
;__Lib_Math.c,243 :: 		
0x00ED	0x0F75      	INCFSZ     R5, 0
;__Lib_Math.c,244 :: 		
0x00EE	0x07F9      	ADDWF      R9, 1
;__Lib_Math.c,245 :: 		
0x00EF	0x1003      	BCF        STATUS, 0
;__Lib_Math.c,246 :: 		
0x00F0	0x0DF0      	RLF        R0, 1
;__Lib_Math.c,247 :: 		
0x00F1	0x0DF1      	RLF        R1, 1
;__Lib_Math.c,248 :: 		
0x00F2	0x0BFC      	DECFSZ     R12, 1
;__Lib_Math.c,249 :: 		
0x00F3	0x28DE      	GOTO       $-21
;__Lib_Math.c,251 :: 		
L_end_Div_16X16_U:
0x00F4	0x0008      	RETURN
; end of _Div_16X16_U
_Lcd_Chr:
;__Lib_Lcd.c,65 :: 		
;__Lib_Lcd.c,66 :: 		
0x00F5	0x2907      	GOTO       L_Lcd_Chr4
;__Lib_Lcd.c,67 :: 		
L_Lcd_Chr6:
0x00F6	0x3080      	MOVLW      128
0x00F7	0x1683      	BSF        STATUS, 5
0x00F8	0x1303      	BCF        STATUS, 6
0x00F9	0x00BA      	MOVWF      FARG_Lcd_Chr_row
0x00FA	0x291A      	GOTO       L_Lcd_Chr5
;__Lib_Lcd.c,68 :: 		
L_Lcd_Chr7:
0x00FB	0x30C0      	MOVLW      192
0x00FC	0x00BA      	MOVWF      FARG_Lcd_Chr_row
0x00FD	0x291A      	GOTO       L_Lcd_Chr5
;__Lib_Lcd.c,69 :: 		
L_Lcd_Chr8:
0x00FE	0x3094      	MOVLW      148
0x00FF	0x00BA      	MOVWF      FARG_Lcd_Chr_row
0x0100	0x291A      	GOTO       L_Lcd_Chr5
;__Lib_Lcd.c,70 :: 		
L_Lcd_Chr9:
0x0101	0x30D4      	MOVLW      212
0x0102	0x00BA      	MOVWF      FARG_Lcd_Chr_row
0x0103	0x291A      	GOTO       L_Lcd_Chr5
;__Lib_Lcd.c,71 :: 		
L_Lcd_Chr10:
0x0104	0x3080      	MOVLW      128
0x0105	0x00BA      	MOVWF      FARG_Lcd_Chr_row
;__Lib_Lcd.c,72 :: 		
0x0106	0x291A      	GOTO       L_Lcd_Chr5
L_Lcd_Chr4:
0x0107	0x1683      	BSF        STATUS, 5
0x0108	0x1303      	BCF        STATUS, 6
0x0109	0x083A      	MOVF       FARG_Lcd_Chr_row, 0
0x010A	0x3A01      	XORLW      1
0x010B	0x1903      	BTFSC      STATUS, 2
0x010C	0x28F6      	GOTO       L_Lcd_Chr6
0x010D	0x083A      	MOVF       FARG_Lcd_Chr_row, 0
0x010E	0x3A02      	XORLW      2
0x010F	0x1903      	BTFSC      STATUS, 2
0x0110	0x28FB      	GOTO       L_Lcd_Chr7
0x0111	0x083A      	MOVF       FARG_Lcd_Chr_row, 0
0x0112	0x3A03      	XORLW      3
0x0113	0x1903      	BTFSC      STATUS, 2
0x0114	0x28FE      	GOTO       L_Lcd_Chr8
0x0115	0x083A      	MOVF       FARG_Lcd_Chr_row, 0
0x0116	0x3A04      	XORLW      4
0x0117	0x1903      	BTFSC      STATUS, 2
0x0118	0x2901      	GOTO       L_Lcd_Chr9
0x0119	0x2904      	GOTO       L_Lcd_Chr10
L_Lcd_Chr5:
;__Lib_Lcd.c,74 :: 		
0x011A	0x033B      	DECF       FARG_Lcd_Chr_column, 0
0x011B	0x00F0      	MOVWF      R0
0x011C	0x083A      	MOVF       FARG_Lcd_Chr_row, 0
0x011D	0x07F0      	ADDWF      R0, 1
0x011E	0x0870      	MOVF       R0, 0
0x011F	0x00BA      	MOVWF      FARG_Lcd_Chr_row
;__Lib_Lcd.c,76 :: 		
0x0120	0x1283      	BCF        STATUS, 5
0x0121	0x146E      	BSF        __Lib_Lcd_cmd_status, BitPos(__Lib_Lcd_cmd_status+0)
;__Lib_Lcd.c,77 :: 		
0x0122	0x0870      	MOVF       R0, 0
0x0123	0x1683      	BSF        STATUS, 5
0x0124	0x00C7      	MOVWF      FARG_Lcd_Cmd_out_char
0x0125	0x2032      	CALL       _Lcd_Cmd
;__Lib_Lcd.c,79 :: 		
0x0126	0x106E      	BCF        __Lib_Lcd_cmd_status, BitPos(__Lib_Lcd_cmd_status+0)
;__Lib_Lcd.c,80 :: 		
0x0127	0x1683      	BSF        STATUS, 5
0x0128	0x083C      	MOVF       FARG_Lcd_Chr_out_char, 0
0x0129	0x00C7      	MOVWF      FARG_Lcd_Cmd_out_char
0x012A	0x2032      	CALL       _Lcd_Cmd
;__Lib_Lcd.c,81 :: 		
0x012B	0x146E      	BSF        __Lib_Lcd_cmd_status, BitPos(__Lib_Lcd_cmd_status+0)
;__Lib_Lcd.c,82 :: 		
L_end_Lcd_Chr:
0x012C	0x0008      	RETURN
; end of _Lcd_Chr
_strcpy:
;__Lib_CString.c,126 :: 		
;__Lib_CString.c,129 :: 		
0x012D	0x1683      	BSF        STATUS, 5
0x012E	0x1303      	BCF        STATUS, 6
0x012F	0x083A      	MOVF       FARG_strcpy_to, 0
0x0130	0x00F2      	MOVWF      R2
;__Lib_CString.c,130 :: 		
L_strcpy34:
0x0131	0x0872      	MOVF       R2, 0
0x0132	0x00F1      	MOVWF      R1
0x0133	0x0AF2      	INCF       R2, 1
0x0134	0x083B      	MOVF       FARG_strcpy_from, 0
0x0135	0x00F0      	MOVWF      R0
0x0136	0x0ABB      	INCF       FARG_strcpy_from, 1
0x0137	0x0870      	MOVF       R0, 0
0x0138	0x0084      	MOVWF      FSR
0x0139	0x0800      	MOVF       INDF, 0
0x013A	0x00F0      	MOVWF      R0
0x013B	0x0871      	MOVF       R1, 0
0x013C	0x0084      	MOVWF      FSR
0x013D	0x0870      	MOVF       R0, 0
0x013E	0x0080      	MOVWF      INDF
0x013F	0x0871      	MOVF       R1, 0
0x0140	0x0084      	MOVWF      FSR
0x0141	0x0800      	MOVF       INDF, 0
0x0142	0x1903      	BTFSC      STATUS, 2
0x0143	0x2945      	GOTO       L_strcpy35
;__Lib_CString.c,131 :: 		
0x0144	0x2931      	GOTO       L_strcpy34
L_strcpy35:
;__Lib_CString.c,132 :: 		
0x0145	0x083A      	MOVF       FARG_strcpy_to, 0
0x0146	0x00F0      	MOVWF      R0
;__Lib_CString.c,133 :: 		
L_end_strcpy:
0x0147	0x0008      	RETURN
; end of _strcpy
_initialize_Interrupt:
;MyProject.c,29 :: 		void initialize_Interrupt(void){
;MyProject.c,30 :: 		TMR0IE_bit=1; // Enable timer 0 interrupt
0x0148	0x168B      	BSF        TMR0IE_bit, BitPos(TMR0IE_bit+0)
;MyProject.c,31 :: 		GIE_bit=1; //Enable Global Interrupt
0x0149	0x178B      	BSF        GIE_bit, BitPos(GIE_bit+0)
;MyProject.c,32 :: 		T0CS_bit=0; // Select f/4 clock for the TMR0
0x014A	0x1683      	BSF        STATUS, 5
0x014B	0x1303      	BCF        STATUS, 6
0x014C	0x1281      	BCF        T0CS_bit, BitPos(T0CS_bit+0)
;MyProject.c,33 :: 		PSA_bit=0; // Prescaler is assigned to the Timer0 module
0x014D	0x1181      	BCF        PSA_bit, BitPos(PSA_bit+0)
;MyProject.c,34 :: 		PS0_bit=0; // Set pre-scaler to 8
0x014E	0x1001      	BCF        PS0_bit, BitPos(PS0_bit+0)
;MyProject.c,35 :: 		PS1_bit=1; // PS2,PS1,PS0 = 010
0x014F	0x1481      	BSF        PS1_bit, BitPos(PS1_bit+0)
;MyProject.c,36 :: 		PS2_bit=0; //
0x0150	0x1101      	BCF        PS2_bit, BitPos(PS2_bit+0)
;MyProject.c,37 :: 		TMR0=6; //counter starting value
0x0151	0x3006      	MOVLW      6
0x0152	0x1283      	BCF        STATUS, 5
0x0153	0x0081      	MOVWF      TMR0
;MyProject.c,38 :: 		}
L_end_initialize_Interrupt:
0x0154	0x0008      	RETURN
; end of _initialize_Interrupt
_Keypad_Key_Click:
;__Lib_Keypad4x4.c,77 :: 		
;__Lib_Keypad4x4.c,81 :: 		
0x0155	0x2099      	CALL       _Keypad_Key_Press
0x0156	0x0870      	MOVF       R0, 0
0x0157	0x00BA      	MOVWF      Keypad_Key_Click_rslt_L0
;__Lib_Keypad4x4.c,83 :: 		
L_Keypad_Key_Click5:
0x0158	0x300F      	MOVLW      15
0x0159	0x1283      	BCF        STATUS, 5
0x015A	0x0506      	ANDWF      keypadPort, 0
0x015B	0x00F0      	MOVWF      R0
0x015C	0x1903      	BTFSC      STATUS, 2
0x015D	0x2960      	GOTO       L_Keypad_Key_Click6
;__Lib_Keypad4x4.c,84 :: 		
0x015E	0x2092      	CALL       _Delay_10us
0x015F	0x2958      	GOTO       L_Keypad_Key_Click5
L_Keypad_Key_Click6:
;__Lib_Keypad4x4.c,86 :: 		
0x0160	0x1683      	BSF        STATUS, 5
0x0161	0x083A      	MOVF       Keypad_Key_Click_rslt_L0, 0
0x0162	0x00F0      	MOVWF      R0
;__Lib_Keypad4x4.c,87 :: 		
L_end_Keypad_Key_Click:
0x0163	0x0008      	RETURN
; end of _Keypad_Key_Click
_Keypad_Init:
;__Lib_Keypad4x4.c,34 :: 		
;__Lib_Keypad4x4.c,35 :: 		
0x0164	0x3080      	MOVLW      128
0x0165	0x1283      	BCF        STATUS, 5
0x0166	0x1303      	BCF        STATUS, 6
0x0167	0x00F0      	MOVWF      R0
0x0168	0x0870      	MOVF       R0, 0
0x0169	0x3E06      	ADDLW      keypadPort
0x016A	0x0084      	MOVWF      FSR
0x016B	0x30FF      	MOVLW      255
0x016C	0x0080      	MOVWF      INDF
;__Lib_Keypad4x4.c,36 :: 		
L_end_Keypad_Init:
0x016D	0x0008      	RETURN
; end of _Keypad_Init
_Lcd_Out:
;__Lib_Lcd.c,184 :: 		
;__Lib_Lcd.c,187 :: 		
0x016E	0x2980      	GOTO       L_Lcd_Out11
;__Lib_Lcd.c,188 :: 		
L_Lcd_Out13:
0x016F	0x3080      	MOVLW      128
0x0170	0x1683      	BSF        STATUS, 5
0x0171	0x1303      	BCF        STATUS, 6
0x0172	0x00BA      	MOVWF      FARG_Lcd_Out_row
0x0173	0x2993      	GOTO       L_Lcd_Out12
;__Lib_Lcd.c,189 :: 		
L_Lcd_Out14:
0x0174	0x30C0      	MOVLW      192
0x0175	0x00BA      	MOVWF      FARG_Lcd_Out_row
0x0176	0x2993      	GOTO       L_Lcd_Out12
;__Lib_Lcd.c,190 :: 		
L_Lcd_Out15:
0x0177	0x3094      	MOVLW      148
0x0178	0x00BA      	MOVWF      FARG_Lcd_Out_row
0x0179	0x2993      	GOTO       L_Lcd_Out12
;__Lib_Lcd.c,191 :: 		
L_Lcd_Out16:
0x017A	0x30D4      	MOVLW      212
0x017B	0x00BA      	MOVWF      FARG_Lcd_Out_row
0x017C	0x2993      	GOTO       L_Lcd_Out12
;__Lib_Lcd.c,192 :: 		
L_Lcd_Out17:
0x017D	0x3080      	MOVLW      128
0x017E	0x00BA      	MOVWF      FARG_Lcd_Out_row
;__Lib_Lcd.c,193 :: 		
0x017F	0x2993      	GOTO       L_Lcd_Out12
L_Lcd_Out11:
0x0180	0x1683      	BSF        STATUS, 5
0x0181	0x1303      	BCF        STATUS, 6
0x0182	0x083A      	MOVF       FARG_Lcd_Out_row, 0
0x0183	0x3A01      	XORLW      1
0x0184	0x1903      	BTFSC      STATUS, 2
0x0185	0x296F      	GOTO       L_Lcd_Out13
0x0186	0x083A      	MOVF       FARG_Lcd_Out_row, 0
0x0187	0x3A02      	XORLW      2
0x0188	0x1903      	BTFSC      STATUS, 2
0x0189	0x2974      	GOTO       L_Lcd_Out14
0x018A	0x083A      	MOVF       FARG_Lcd_Out_row, 0
0x018B	0x3A03      	XORLW      3
0x018C	0x1903      	BTFSC      STATUS, 2
0x018D	0x2977      	GOTO       L_Lcd_Out15
0x018E	0x083A      	MOVF       FARG_Lcd_Out_row, 0
0x018F	0x3A04      	XORLW      4
0x0190	0x1903      	BTFSC      STATUS, 2
0x0191	0x297A      	GOTO       L_Lcd_Out16
0x0192	0x297D      	GOTO       L_Lcd_Out17
L_Lcd_Out12:
;__Lib_Lcd.c,194 :: 		
0x0193	0x033B      	DECF       FARG_Lcd_Out_column, 0
0x0194	0x00F0      	MOVWF      R0
0x0195	0x083A      	MOVF       FARG_Lcd_Out_row, 0
0x0196	0x07F0      	ADDWF      R0, 1
0x0197	0x0870      	MOVF       R0, 0
0x0198	0x00BA      	MOVWF      FARG_Lcd_Out_row
;__Lib_Lcd.c,196 :: 		
0x0199	0x0870      	MOVF       R0, 0
0x019A	0x00C7      	MOVWF      FARG_Lcd_Cmd_out_char
0x019B	0x2032      	CALL       _Lcd_Cmd
;__Lib_Lcd.c,197 :: 		
0x019C	0x106E      	BCF        __Lib_Lcd_cmd_status, BitPos(__Lib_Lcd_cmd_status+0)
;__Lib_Lcd.c,198 :: 		
0x019D	0x1683      	BSF        STATUS, 5
0x019E	0x01BD      	CLRF       Lcd_Out_i_L0
;__Lib_Lcd.c,199 :: 		
L_Lcd_Out18:
0x019F	0x083D      	MOVF       Lcd_Out_i_L0, 0
0x01A0	0x073C      	ADDWF      FARG_Lcd_Out_text, 0
0x01A1	0x0084      	MOVWF      FSR
0x01A2	0x0800      	MOVF       INDF, 0
0x01A3	0x1903      	BTFSC      STATUS, 2
0x01A4	0x29AE      	GOTO       L_Lcd_Out19
;__Lib_Lcd.c,200 :: 		
0x01A5	0x083D      	MOVF       Lcd_Out_i_L0, 0
0x01A6	0x073C      	ADDWF      FARG_Lcd_Out_text, 0
0x01A7	0x0084      	MOVWF      FSR
0x01A8	0x0800      	MOVF       INDF, 0
0x01A9	0x00C2      	MOVWF      FARG_Lcd_Chr_CP_out_char
0x01AA	0x2089      	CALL       _Lcd_Chr_CP
0x01AB	0x1683      	BSF        STATUS, 5
0x01AC	0x0ABD      	INCF       Lcd_Out_i_L0, 1
0x01AD	0x299F      	GOTO       L_Lcd_Out18
L_Lcd_Out19:
;__Lib_Lcd.c,201 :: 		
0x01AE	0x1283      	BCF        STATUS, 5
0x01AF	0x146E      	BSF        __Lib_Lcd_cmd_status, BitPos(__Lib_Lcd_cmd_status+0)
;__Lib_Lcd.c,202 :: 		
L_end_Lcd_Out:
0x01B0	0x0008      	RETURN
; end of _Lcd_Out
_IntToStrWithZeros:
;__Lib_Conversions.c,223 :: 		
;__Lib_Conversions.c,228 :: 		
0x01B1	0x1683      	BSF        STATUS, 5
0x01B2	0x1303      	BCF        STATUS, 6
0x01B3	0x01BE      	CLRF       IntToStrWithZeros_len_L0
L_IntToStrWithZeros43:
0x01B4	0x3006      	MOVLW      6
0x01B5	0x023E      	SUBWF      IntToStrWithZeros_len_L0, 0
0x01B6	0x1803      	BTFSC      STATUS, 0
0x01B7	0x29BF      	GOTO       L_IntToStrWithZeros44
;__Lib_Conversions.c,229 :: 		
0x01B8	0x083E      	MOVF       IntToStrWithZeros_len_L0, 0
0x01B9	0x073C      	ADDWF      FARG_IntToStrWithZeros_output, 0
0x01BA	0x0084      	MOVWF      FSR
0x01BB	0x3030      	MOVLW      48
0x01BC	0x0080      	MOVWF      INDF
;__Lib_Conversions.c,228 :: 		
0x01BD	0x0ABE      	INCF       IntToStrWithZeros_len_L0, 1
;__Lib_Conversions.c,229 :: 		
0x01BE	0x29B4      	GOTO       L_IntToStrWithZeros43
L_IntToStrWithZeros44:
;__Lib_Conversions.c,231 :: 		
0x01BF	0x083E      	MOVF       IntToStrWithZeros_len_L0, 0
0x01C0	0x073C      	ADDWF      FARG_IntToStrWithZeros_output, 0
0x01C1	0x0084      	MOVWF      FSR
0x01C2	0x0180      	CLRF       INDF
;__Lib_Conversions.c,233 :: 		
0x01C3	0x3000      	MOVLW      0
0x01C4	0x063B      	XORWF      FARG_IntToStrWithZeros_input+1, 0
0x01C5	0x1D03      	BTFSS      STATUS, 2
0x01C6	0x29C9      	GOTO       L__IntToStrWithZeros390
0x01C7	0x3000      	MOVLW      0
0x01C8	0x063A      	XORWF      FARG_IntToStrWithZeros_input, 0
L__IntToStrWithZeros390:
0x01C9	0x1D03      	BTFSS      STATUS, 2
0x01CA	0x29CC      	GOTO       L_IntToStrWithZeros46
;__Lib_Conversions.c,234 :: 		
0x01CB	0x2A1F      	GOTO       L_end_IntToStrWithZeros
;__Lib_Conversions.c,235 :: 		
L_IntToStrWithZeros46:
;__Lib_Conversions.c,237 :: 		
0x01CC	0x01BD      	CLRF       IntToStrWithZeros_negative_L0
;__Lib_Conversions.c,239 :: 		
0x01CD	0x3080      	MOVLW      128
0x01CE	0x063B      	XORWF      FARG_IntToStrWithZeros_input+1, 0
0x01CF	0x00F0      	MOVWF      R0
0x01D0	0x3080      	MOVLW      128
0x01D1	0x0270      	SUBWF      R0, 0
0x01D2	0x1D03      	BTFSS      STATUS, 2
0x01D3	0x29D6      	GOTO       L__IntToStrWithZeros391
0x01D4	0x3000      	MOVLW      0
0x01D5	0x023A      	SUBWF      FARG_IntToStrWithZeros_input, 0
L__IntToStrWithZeros391:
0x01D6	0x1803      	BTFSC      STATUS, 0
0x01D7	0x29E3      	GOTO       L_IntToStrWithZeros47
;__Lib_Conversions.c,240 :: 		
0x01D8	0x3001      	MOVLW      1
0x01D9	0x00BD      	MOVWF      IntToStrWithZeros_negative_L0
;__Lib_Conversions.c,241 :: 		
0x01DA	0x083A      	MOVF       FARG_IntToStrWithZeros_input, 0
0x01DB	0x3C00      	SUBLW      0
0x01DC	0x00BF      	MOVWF      IntToStrWithZeros_tmp_L0
0x01DD	0x083B      	MOVF       FARG_IntToStrWithZeros_input+1, 0
0x01DE	0x1C03      	BTFSS      STATUS, 0
0x01DF	0x3E01      	ADDLW      1
0x01E0	0x01C0      	CLRF       IntToStrWithZeros_tmp_L0+1
0x01E1	0x02C0      	SUBWF      IntToStrWithZeros_tmp_L0+1, 1
;__Lib_Conversions.c,242 :: 		
0x01E2	0x29E7      	GOTO       L_IntToStrWithZeros48
L_IntToStrWithZeros47:
;__Lib_Conversions.c,243 :: 		
0x01E3	0x083A      	MOVF       FARG_IntToStrWithZeros_input, 0
0x01E4	0x00BF      	MOVWF      IntToStrWithZeros_tmp_L0
0x01E5	0x083B      	MOVF       FARG_IntToStrWithZeros_input+1, 0
0x01E6	0x00C0      	MOVWF      IntToStrWithZeros_tmp_L0+1
;__Lib_Conversions.c,244 :: 		
L_IntToStrWithZeros48:
;__Lib_Conversions.c,246 :: 		
0x01E7	0x3005      	MOVLW      5
0x01E8	0x00BE      	MOVWF      IntToStrWithZeros_len_L0
;__Lib_Conversions.c,247 :: 		
L_IntToStrWithZeros49:
0x01E9	0x3000      	MOVLW      0
0x01EA	0x0640      	XORWF      IntToStrWithZeros_tmp_L0+1, 0
0x01EB	0x1D03      	BTFSS      STATUS, 2
0x01EC	0x29EF      	GOTO       L__IntToStrWithZeros392
0x01ED	0x3000      	MOVLW      0
0x01EE	0x063F      	XORWF      IntToStrWithZeros_tmp_L0, 0
L__IntToStrWithZeros392:
0x01EF	0x1903      	BTFSC      STATUS, 2
0x01F0	0x2A18      	GOTO       L_IntToStrWithZeros50
;__Lib_Conversions.c,248 :: 		
0x01F1	0x083E      	MOVF       IntToStrWithZeros_len_L0, 0
0x01F2	0x073C      	ADDWF      FARG_IntToStrWithZeros_output, 0
0x01F3	0x00C1      	MOVWF      FLOC__IntToStrWithZeros
0x01F4	0x300A      	MOVLW      10
0x01F5	0x00F4      	MOVWF      R4
0x01F6	0x3000      	MOVLW      0
0x01F7	0x00F5      	MOVWF      R4+1
0x01F8	0x083F      	MOVF       IntToStrWithZeros_tmp_L0, 0
0x01F9	0x00F0      	MOVWF      R0
0x01FA	0x0840      	MOVF       IntToStrWithZeros_tmp_L0+1, 0
0x01FB	0x00F1      	MOVWF      R0+1
0x01FC	0x20D8      	CALL       _Div_16X16_U
0x01FD	0x0878      	MOVF       R8, 0
0x01FE	0x00F0      	MOVWF      R0
0x01FF	0x0879      	MOVF       R8+1, 0
0x0200	0x00F1      	MOVWF      R0+1
0x0201	0x3030      	MOVLW      48
0x0202	0x07F0      	ADDWF      R0, 1
0x0203	0x1683      	BSF        STATUS, 5
0x0204	0x0841      	MOVF       FLOC__IntToStrWithZeros, 0
0x0205	0x0084      	MOVWF      FSR
0x0206	0x0870      	MOVF       R0, 0
0x0207	0x0080      	MOVWF      INDF
0x0208	0x03BE      	DECF       IntToStrWithZeros_len_L0, 1
;__Lib_Conversions.c,249 :: 		
0x0209	0x300A      	MOVLW      10
0x020A	0x00F4      	MOVWF      R4
0x020B	0x3000      	MOVLW      0
0x020C	0x00F5      	MOVWF      R4+1
0x020D	0x083F      	MOVF       IntToStrWithZeros_tmp_L0, 0
0x020E	0x00F0      	MOVWF      R0
0x020F	0x0840      	MOVF       IntToStrWithZeros_tmp_L0+1, 0
0x0210	0x00F1      	MOVWF      R0+1
0x0211	0x20D8      	CALL       _Div_16X16_U
0x0212	0x0870      	MOVF       R0, 0
0x0213	0x1683      	BSF        STATUS, 5
0x0214	0x00BF      	MOVWF      IntToStrWithZeros_tmp_L0
0x0215	0x0871      	MOVF       R0+1, 0
0x0216	0x00C0      	MOVWF      IntToStrWithZeros_tmp_L0+1
;__Lib_Conversions.c,250 :: 		
0x0217	0x29E9      	GOTO       L_IntToStrWithZeros49
L_IntToStrWithZeros50:
;__Lib_Conversions.c,252 :: 		
0x0218	0x083D      	MOVF       IntToStrWithZeros_negative_L0, 0
0x0219	0x1903      	BTFSC      STATUS, 2
0x021A	0x2A1F      	GOTO       L_IntToStrWithZeros51
;__Lib_Conversions.c,253 :: 		
0x021B	0x083C      	MOVF       FARG_IntToStrWithZeros_output, 0
0x021C	0x0084      	MOVWF      FSR
0x021D	0x302D      	MOVLW      45
0x021E	0x0080      	MOVWF      INDF
L_IntToStrWithZeros51:
;__Lib_Conversions.c,254 :: 		
L_end_IntToStrWithZeros:
0x021F	0x0008      	RETURN
; end of _IntToStrWithZeros
___CC2DW:
;__Lib_System.c,134 :: 		
;__Lib_System.c,137 :: 		
_CC2D_Loop1:
;__Lib_System.c,139 :: 		
0x0220	0x20D1      	CALL       _____DoICP
0x0221	0x118A      	BCF        PCLATH, 3
0x0222	0x120A      	BCF        PCLATH, 4
;__Lib_System.c,141 :: 		
0x0223	0x0080      	MOVWF      INDF
;__Lib_System.c,142 :: 		
0x0224	0x0A84      	INCF       FSR, 1
;__Lib_System.c,143 :: 		
0x0225	0x0AAB      	INCF       ___DoICPAddr, 1
;__Lib_System.c,145 :: 		
0x0226	0x1903      	BTFSC      STATUS, 2
;__Lib_System.c,146 :: 		
0x0227	0x0AAC      	INCF       ___DoICPAddr+1, 1
;__Lib_System.c,147 :: 		
0x0228	0x03F0      	DECF       R0, 1
;__Lib_System.c,149 :: 		
0x0229	0x1D03      	BTFSS      STATUS, 2
;__Lib_System.c,150 :: 		
0x022A	0x2A20      	GOTO       _CC2D_Loop1
;__Lib_System.c,152 :: 		
L_end___CC2DW:
0x022B	0x0008      	RETURN
; end of ___CC2DW
_Lcd_Init:
;__Lib_Lcd.c,84 :: 		
;__Lib_Lcd.c,86 :: 		
0x022C	0x1683      	BSF        STATUS, 5
0x022D	0x1303      	BCF        STATUS, 6
0x022E	0x1187      	BCF        LCD_EN_Direction, BitPos(LCD_EN_Direction+0)
;__Lib_Lcd.c,87 :: 		
0x022F	0x1107      	BCF        LCD_RS_Direction, BitPos(LCD_RS_Direction+0)
;__Lib_Lcd.c,88 :: 		
0x0230	0x1207      	BCF        LCD_D4_Direction, BitPos(LCD_D4_Direction+0)
;__Lib_Lcd.c,89 :: 		
0x0231	0x1287      	BCF        LCD_D5_Direction, BitPos(LCD_D5_Direction+0)
;__Lib_Lcd.c,90 :: 		
0x0232	0x1307      	BCF        LCD_D6_Direction, BitPos(LCD_D6_Direction+0)
;__Lib_Lcd.c,91 :: 		
0x0233	0x1387      	BCF        LCD_D7_Direction, BitPos(LCD_D7_Direction+0)
;__Lib_Lcd.c,93 :: 		
0x0234	0x1283      	BCF        STATUS, 5
0x0235	0x1187      	BCF        LCD_EN, BitPos(LCD_EN+0)
;__Lib_Lcd.c,94 :: 		
0x0236	0x1107      	BCF        LCD_RS, BitPos(LCD_RS+0)
;__Lib_Lcd.c,95 :: 		
0x0237	0x1387      	BCF        LCD_D7, BitPos(LCD_D7+0)
;__Lib_Lcd.c,96 :: 		
0x0238	0x1307      	BCF        LCD_D6, BitPos(LCD_D6+0)
;__Lib_Lcd.c,97 :: 		
0x0239	0x1287      	BCF        LCD_D5, BitPos(LCD_D5+0)
;__Lib_Lcd.c,98 :: 		
0x023A	0x1207      	BCF        LCD_D4, BitPos(LCD_D4+0)
;__Lib_Lcd.c,100 :: 		
0x023B	0x201F      	CALL       _Delay_5500us
;__Lib_Lcd.c,101 :: 		
0x023C	0x201F      	CALL       _Delay_5500us
;__Lib_Lcd.c,102 :: 		
0x023D	0x201F      	CALL       _Delay_5500us
;__Lib_Lcd.c,105 :: 		
0x023E	0x1687      	BSF        LCD_D5, BitPos(LCD_D5+0)
;__Lib_Lcd.c,106 :: 		
0x023F	0x1607      	BSF        LCD_D4, BitPos(LCD_D4+0)
;__Lib_Lcd.c,107 :: 		
0x0240	0x1587      	BSF        LCD_EN, BitPos(LCD_EN+0)
;__Lib_Lcd.c,108 :: 		
0x0241	0x201D      	CALL       _Delay_1us
;__Lib_Lcd.c,109 :: 		
0x0242	0x1187      	BCF        LCD_EN, BitPos(LCD_EN+0)
;__Lib_Lcd.c,110 :: 		
0x0243	0x201F      	CALL       _Delay_5500us
;__Lib_Lcd.c,112 :: 		
0x0244	0x1587      	BSF        LCD_EN, BitPos(LCD_EN+0)
;__Lib_Lcd.c,113 :: 		
0x0245	0x201D      	CALL       _Delay_1us
;__Lib_Lcd.c,114 :: 		
0x0246	0x1187      	BCF        LCD_EN, BitPos(LCD_EN+0)
;__Lib_Lcd.c,115 :: 		
0x0247	0x201F      	CALL       _Delay_5500us
;__Lib_Lcd.c,117 :: 		
0x0248	0x1587      	BSF        LCD_EN, BitPos(LCD_EN+0)
;__Lib_Lcd.c,118 :: 		
0x0249	0x201D      	CALL       _Delay_1us
;__Lib_Lcd.c,119 :: 		
0x024A	0x1187      	BCF        LCD_EN, BitPos(LCD_EN+0)
;__Lib_Lcd.c,120 :: 		
0x024B	0x201F      	CALL       _Delay_5500us
;__Lib_Lcd.c,123 :: 		
0x024C	0x1207      	BCF        LCD_D4, BitPos(LCD_D4+0)
;__Lib_Lcd.c,124 :: 		
0x024D	0x1587      	BSF        LCD_EN, BitPos(LCD_EN+0)
;__Lib_Lcd.c,125 :: 		
0x024E	0x201D      	CALL       _Delay_1us
;__Lib_Lcd.c,126 :: 		
0x024F	0x1187      	BCF        LCD_EN, BitPos(LCD_EN+0)
;__Lib_Lcd.c,127 :: 		
0x0250	0x201F      	CALL       _Delay_5500us
;__Lib_Lcd.c,130 :: 		
0x0251	0x1587      	BSF        LCD_EN, BitPos(LCD_EN+0)
;__Lib_Lcd.c,131 :: 		
0x0252	0x201D      	CALL       _Delay_1us
;__Lib_Lcd.c,132 :: 		
0x0253	0x1187      	BCF        LCD_EN, BitPos(LCD_EN+0)
;__Lib_Lcd.c,134 :: 		
0x0254	0x1287      	BCF        LCD_D5, BitPos(LCD_D5+0)
;__Lib_Lcd.c,135 :: 		
0x0255	0x1787      	BSF        LCD_D7, BitPos(LCD_D7+0)
;__Lib_Lcd.c,136 :: 		
0x0256	0x1587      	BSF        LCD_EN, BitPos(LCD_EN+0)
;__Lib_Lcd.c,137 :: 		
0x0257	0x201D      	CALL       _Delay_1us
;__Lib_Lcd.c,138 :: 		
0x0258	0x1187      	BCF        LCD_EN, BitPos(LCD_EN+0)
;__Lib_Lcd.c,139 :: 		
0x0259	0x201F      	CALL       _Delay_5500us
;__Lib_Lcd.c,142 :: 		
0x025A	0x1387      	BCF        LCD_D7, BitPos(LCD_D7+0)
;__Lib_Lcd.c,143 :: 		
0x025B	0x1607      	BSF        LCD_D4, BitPos(LCD_D4+0)
;__Lib_Lcd.c,144 :: 		
0x025C	0x1587      	BSF        LCD_EN, BitPos(LCD_EN+0)
;__Lib_Lcd.c,145 :: 		
0x025D	0x201D      	CALL       _Delay_1us
;__Lib_Lcd.c,146 :: 		
0x025E	0x1187      	BCF        LCD_EN, BitPos(LCD_EN+0)
;__Lib_Lcd.c,148 :: 		
0x025F	0x1207      	BCF        LCD_D4, BitPos(LCD_D4+0)
;__Lib_Lcd.c,149 :: 		
0x0260	0x1587      	BSF        LCD_EN, BitPos(LCD_EN+0)
;__Lib_Lcd.c,150 :: 		
0x0261	0x201D      	CALL       _Delay_1us
;__Lib_Lcd.c,151 :: 		
0x0262	0x1187      	BCF        LCD_EN, BitPos(LCD_EN+0)
;__Lib_Lcd.c,152 :: 		
0x0263	0x201F      	CALL       _Delay_5500us
;__Lib_Lcd.c,155 :: 		
0x0264	0x1587      	BSF        LCD_EN, BitPos(LCD_EN+0)
;__Lib_Lcd.c,156 :: 		
0x0265	0x201D      	CALL       _Delay_1us
;__Lib_Lcd.c,157 :: 		
0x0266	0x1187      	BCF        LCD_EN, BitPos(LCD_EN+0)
;__Lib_Lcd.c,159 :: 		
0x0267	0x1607      	BSF        LCD_D4, BitPos(LCD_D4+0)
;__Lib_Lcd.c,160 :: 		
0x0268	0x1587      	BSF        LCD_EN, BitPos(LCD_EN+0)
;__Lib_Lcd.c,161 :: 		
0x0269	0x201D      	CALL       _Delay_1us
;__Lib_Lcd.c,162 :: 		
0x026A	0x1187      	BCF        LCD_EN, BitPos(LCD_EN+0)
;__Lib_Lcd.c,163 :: 		
0x026B	0x201F      	CALL       _Delay_5500us
;__Lib_Lcd.c,166 :: 		
0x026C	0x1207      	BCF        LCD_D4, BitPos(LCD_D4+0)
;__Lib_Lcd.c,167 :: 		
0x026D	0x1587      	BSF        LCD_EN, BitPos(LCD_EN+0)
;__Lib_Lcd.c,168 :: 		
0x026E	0x201D      	CALL       _Delay_1us
;__Lib_Lcd.c,169 :: 		
0x026F	0x1187      	BCF        LCD_EN, BitPos(LCD_EN+0)
;__Lib_Lcd.c,171 :: 		
0x0270	0x1787      	BSF        LCD_D7, BitPos(LCD_D7+0)
;__Lib_Lcd.c,172 :: 		
0x0271	0x1707      	BSF        LCD_D6, BitPos(LCD_D6+0)
;__Lib_Lcd.c,173 :: 		
0x0272	0x1687      	BSF        LCD_D5, BitPos(LCD_D5+0)
;__Lib_Lcd.c,174 :: 		
0x0273	0x1607      	BSF        LCD_D4, BitPos(LCD_D4+0)
;__Lib_Lcd.c,175 :: 		
0x0274	0x1587      	BSF        LCD_EN, BitPos(LCD_EN+0)
;__Lib_Lcd.c,176 :: 		
0x0275	0x201D      	CALL       _Delay_1us
;__Lib_Lcd.c,177 :: 		
0x0276	0x1187      	BCF        LCD_EN, BitPos(LCD_EN+0)
;__Lib_Lcd.c,179 :: 		
0x0277	0x201F      	CALL       _Delay_5500us
;__Lib_Lcd.c,181 :: 		
0x0278	0x146E      	BSF        __Lib_Lcd_cmd_status, BitPos(__Lib_Lcd_cmd_status+0)
;__Lib_Lcd.c,182 :: 		
L_end_Lcd_Init:
0x0279	0x0008      	RETURN
; end of _Lcd_Init
_main:
0x027A	0x246A      	CALL       1130
;MyProject.c,40 :: 		void main() {
;MyProject.c,41 :: 		TRISD.B0=0;                               // This pin is set as output
0x027B	0x1683      	BSF        STATUS, 5
0x027C	0x1303      	BCF        STATUS, 6
0x027D	0x1008      	BCF        TRISD, 0
;MyProject.c,42 :: 		PORTD.B0=0;                               //turn off the motor
0x027E	0x1283      	BCF        STATUS, 5
0x027F	0x1008      	BCF        PORTD, 0
;MyProject.c,43 :: 		Keypad_Init();                           // Initialize Keypad
0x0280	0x2164      	CALL       _Keypad_Init
;MyProject.c,44 :: 		Lcd_Init();                              // Initialize LCD
0x0281	0x222C      	CALL       _Lcd_Init
;MyProject.c,45 :: 		Lcd_Cmd(_LCD_CLEAR);                     // Clear display
0x0282	0x3001      	MOVLW      1
0x0283	0x1683      	BSF        STATUS, 5
0x0284	0x00C7      	MOVWF      FARG_Lcd_Cmd_out_char
0x0285	0x2032      	CALL       _Lcd_Cmd
;MyProject.c,46 :: 		Lcd_Cmd(_LCD_CURSOR_OFF);                // Cursor off
0x0286	0x300C      	MOVLW      12
0x0287	0x1683      	BSF        STATUS, 5
0x0288	0x00C7      	MOVWF      FARG_Lcd_Cmd_out_char
0x0289	0x2032      	CALL       _Lcd_Cmd
;MyProject.c,47 :: 		Lcd_Out(1,1,"Enter Password");           //Print Enter Password on turning on the lcd
0x028A	0x3001      	MOVLW      1
0x028B	0x1683      	BSF        STATUS, 5
0x028C	0x00BA      	MOVWF      FARG_Lcd_Out_row
0x028D	0x3001      	MOVLW      1
0x028E	0x00BB      	MOVWF      FARG_Lcd_Out_column
0x028F	0x3022      	MOVLW      ?lstr2_MyProject
0x0290	0x00BC      	MOVWF      FARG_Lcd_Out_text
0x0291	0x216E      	CALL       _Lcd_Out
;MyProject.c,48 :: 		Lcd_Out(2,1,"");                         //set the cursor on pos 2,1
0x0292	0x3002      	MOVLW      2
0x0293	0x1683      	BSF        STATUS, 5
0x0294	0x00BA      	MOVWF      FARG_Lcd_Out_row
0x0295	0x3001      	MOVLW      1
0x0296	0x00BB      	MOVWF      FARG_Lcd_Out_column
0x0297	0x3021      	MOVLW      ?lstr3_MyProject
0x0298	0x00BC      	MOVWF      FARG_Lcd_Out_text
0x0299	0x216E      	CALL       _Lcd_Out
;MyProject.c,50 :: 		do {
L_main0:
;MyProject.c,51 :: 		kp = 0;                                // Reset key code variable
0x029A	0x01EF      	CLRF       _kp
;MyProject.c,53 :: 		do
L_main3:
;MyProject.c,54 :: 		kp = Keypad_Key_Click();             // Store key code in kp variable
0x029B	0x2155      	CALL       _Keypad_Key_Click
0x029C	0x0870      	MOVF       R0, 0
0x029D	0x1283      	BCF        STATUS, 5
0x029E	0x00EF      	MOVWF      _kp
;MyProject.c,55 :: 		while (!kp);
0x029F	0x0870      	MOVF       R0, 0
0x02A0	0x1903      	BTFSC      STATUS, 2
0x02A1	0x2A9B      	GOTO       L_main3
;MyProject.c,57 :: 		switch (kp) {
0x02A2	0x2AD3      	GOTO       L_main6
;MyProject.c,58 :: 		case  1: kp = '1'; break;    //1
L_main8:
0x02A3	0x3031      	MOVLW      49
0x02A4	0x00EF      	MOVWF      _kp
0x02A5	0x2B13      	GOTO       L_main7
;MyProject.c,59 :: 		case  2: kp = '2'; break; // 2
L_main9:
0x02A6	0x3032      	MOVLW      50
0x02A7	0x00EF      	MOVWF      _kp
0x02A8	0x2B13      	GOTO       L_main7
;MyProject.c,60 :: 		case  3: kp = '3'; break; // 3
L_main10:
0x02A9	0x3033      	MOVLW      51
0x02AA	0x00EF      	MOVWF      _kp
0x02AB	0x2B13      	GOTO       L_main7
;MyProject.c,61 :: 		case  4: kp = 'A'; break; // A
L_main11:
0x02AC	0x3041      	MOVLW      65
0x02AD	0x00EF      	MOVWF      _kp
0x02AE	0x2B13      	GOTO       L_main7
;MyProject.c,62 :: 		case  5: kp = '4'; break; // 4
L_main12:
0x02AF	0x3034      	MOVLW      52
0x02B0	0x00EF      	MOVWF      _kp
0x02B1	0x2B13      	GOTO       L_main7
;MyProject.c,63 :: 		case  6: kp = '5'; break; // 5
L_main13:
0x02B2	0x3035      	MOVLW      53
0x02B3	0x00EF      	MOVWF      _kp
0x02B4	0x2B13      	GOTO       L_main7
;MyProject.c,64 :: 		case  7: kp = '6'; break; // 6
L_main14:
0x02B5	0x3036      	MOVLW      54
0x02B6	0x00EF      	MOVWF      _kp
0x02B7	0x2B13      	GOTO       L_main7
;MyProject.c,65 :: 		case  8: kp = 'B'; break; // B
L_main15:
0x02B8	0x3042      	MOVLW      66
0x02B9	0x00EF      	MOVWF      _kp
0x02BA	0x2B13      	GOTO       L_main7
;MyProject.c,66 :: 		case  9: kp = '7'; break; // 7
L_main16:
0x02BB	0x3037      	MOVLW      55
0x02BC	0x00EF      	MOVWF      _kp
0x02BD	0x2B13      	GOTO       L_main7
;MyProject.c,67 :: 		case 10: kp = '8'; break; // 8
L_main17:
0x02BE	0x3038      	MOVLW      56
0x02BF	0x00EF      	MOVWF      _kp
0x02C0	0x2B13      	GOTO       L_main7
;MyProject.c,68 :: 		case 11: kp = '9'; break; // 9
L_main18:
0x02C1	0x3039      	MOVLW      57
0x02C2	0x00EF      	MOVWF      _kp
0x02C3	0x2B13      	GOTO       L_main7
;MyProject.c,69 :: 		case 12: kp = 'C'; break; // C
L_main19:
0x02C4	0x3043      	MOVLW      67
0x02C5	0x00EF      	MOVWF      _kp
0x02C6	0x2B13      	GOTO       L_main7
;MyProject.c,70 :: 		case 13: kp = '*'; break; // *
L_main20:
0x02C7	0x302A      	MOVLW      42
0x02C8	0x00EF      	MOVWF      _kp
0x02C9	0x2B13      	GOTO       L_main7
;MyProject.c,71 :: 		case 14: kp = '0'; break; // 0
L_main21:
0x02CA	0x3030      	MOVLW      48
0x02CB	0x00EF      	MOVWF      _kp
0x02CC	0x2B13      	GOTO       L_main7
;MyProject.c,72 :: 		case 15: kp = '#'; break; // #
L_main22:
0x02CD	0x3023      	MOVLW      35
0x02CE	0x00EF      	MOVWF      _kp
0x02CF	0x2B13      	GOTO       L_main7
;MyProject.c,73 :: 		case 16: kp = 'D'; break; // D
L_main23:
0x02D0	0x3044      	MOVLW      68
0x02D1	0x00EF      	MOVWF      _kp
0x02D2	0x2B13      	GOTO       L_main7
;MyProject.c,74 :: 		}
L_main6:
0x02D3	0x086F      	MOVF       _kp, 0
0x02D4	0x3A01      	XORLW      1
0x02D5	0x1903      	BTFSC      STATUS, 2
0x02D6	0x2AA3      	GOTO       L_main8
0x02D7	0x086F      	MOVF       _kp, 0
0x02D8	0x3A02      	XORLW      2
0x02D9	0x1903      	BTFSC      STATUS, 2
0x02DA	0x2AA6      	GOTO       L_main9
0x02DB	0x086F      	MOVF       _kp, 0
0x02DC	0x3A03      	XORLW      3
0x02DD	0x1903      	BTFSC      STATUS, 2
0x02DE	0x2AA9      	GOTO       L_main10
0x02DF	0x086F      	MOVF       _kp, 0
0x02E0	0x3A04      	XORLW      4
0x02E1	0x1903      	BTFSC      STATUS, 2
0x02E2	0x2AAC      	GOTO       L_main11
0x02E3	0x086F      	MOVF       _kp, 0
0x02E4	0x3A05      	XORLW      5
0x02E5	0x1903      	BTFSC      STATUS, 2
0x02E6	0x2AAF      	GOTO       L_main12
0x02E7	0x086F      	MOVF       _kp, 0
0x02E8	0x3A06      	XORLW      6
0x02E9	0x1903      	BTFSC      STATUS, 2
0x02EA	0x2AB2      	GOTO       L_main13
0x02EB	0x086F      	MOVF       _kp, 0
0x02EC	0x3A07      	XORLW      7
0x02ED	0x1903      	BTFSC      STATUS, 2
0x02EE	0x2AB5      	GOTO       L_main14
0x02EF	0x086F      	MOVF       _kp, 0
0x02F0	0x3A08      	XORLW      8
0x02F1	0x1903      	BTFSC      STATUS, 2
0x02F2	0x2AB8      	GOTO       L_main15
0x02F3	0x086F      	MOVF       _kp, 0
0x02F4	0x3A09      	XORLW      9
0x02F5	0x1903      	BTFSC      STATUS, 2
0x02F6	0x2ABB      	GOTO       L_main16
0x02F7	0x086F      	MOVF       _kp, 0
0x02F8	0x3A0A      	XORLW      10
0x02F9	0x1903      	BTFSC      STATUS, 2
0x02FA	0x2ABE      	GOTO       L_main17
0x02FB	0x086F      	MOVF       _kp, 0
0x02FC	0x3A0B      	XORLW      11
0x02FD	0x1903      	BTFSC      STATUS, 2
0x02FE	0x2AC1      	GOTO       L_main18
0x02FF	0x086F      	MOVF       _kp, 0
0x0300	0x3A0C      	XORLW      12
0x0301	0x1903      	BTFSC      STATUS, 2
0x0302	0x2AC4      	GOTO       L_main19
0x0303	0x086F      	MOVF       _kp, 0
0x0304	0x3A0D      	XORLW      13
0x0305	0x1903      	BTFSC      STATUS, 2
0x0306	0x2AC7      	GOTO       L_main20
0x0307	0x086F      	MOVF       _kp, 0
0x0308	0x3A0E      	XORLW      14
0x0309	0x1903      	BTFSC      STATUS, 2
0x030A	0x2ACA      	GOTO       L_main21
0x030B	0x086F      	MOVF       _kp, 0
0x030C	0x3A0F      	XORLW      15
0x030D	0x1903      	BTFSC      STATUS, 2
0x030E	0x2ACD      	GOTO       L_main22
0x030F	0x086F      	MOVF       _kp, 0
0x0310	0x3A10      	XORLW      16
0x0311	0x1903      	BTFSC      STATUS, 2
0x0312	0x2AD0      	GOTO       L_main23
L_main7:
;MyProject.c,76 :: 		Lcd_Chr_CP(kp);
0x0313	0x086F      	MOVF       _kp, 0
0x0314	0x1683      	BSF        STATUS, 5
0x0315	0x00C2      	MOVWF      FARG_Lcd_Chr_CP_out_char
0x0316	0x2089      	CALL       _Lcd_Chr_CP
;MyProject.c,78 :: 		Entered[i++]=kp;
0x0317	0x0861      	MOVF       _i, 0
0x0318	0x3E63      	ADDLW      _Entered
0x0319	0x0084      	MOVWF      FSR
0x031A	0x086F      	MOVF       _kp, 0
0x031B	0x0080      	MOVWF      INDF
0x031C	0x0AE1      	INCF       _i, 1
0x031D	0x1903      	BTFSC      STATUS, 2
0x031E	0x0AE2      	INCF       _i+1, 1
;MyProject.c,80 :: 		Delay_ms(400);
0x031F	0x3003      	MOVLW      3
0x0320	0x00FB      	MOVWF      R11
0x0321	0x3008      	MOVLW      8
0x0322	0x00FC      	MOVWF      R12
0x0323	0x3077      	MOVLW      119
0x0324	0x00FD      	MOVWF      R13
L_main24:
0x0325	0x0BFD      	DECFSZ     R13, 1
0x0326	0x2B25      	GOTO       L_main24
0x0327	0x0BFC      	DECFSZ     R12, 1
0x0328	0x2B25      	GOTO       L_main24
0x0329	0x0BFB      	DECFSZ     R11, 1
0x032A	0x2B25      	GOTO       L_main24
;MyProject.c,82 :: 		Lcd_Chr(2,i,'#');
0x032B	0x3002      	MOVLW      2
0x032C	0x1683      	BSF        STATUS, 5
0x032D	0x00BA      	MOVWF      FARG_Lcd_Chr_row
0x032E	0x1283      	BCF        STATUS, 5
0x032F	0x0861      	MOVF       _i, 0
0x0330	0x1683      	BSF        STATUS, 5
0x0331	0x00BB      	MOVWF      FARG_Lcd_Chr_column
0x0332	0x3023      	MOVLW      35
0x0333	0x00BC      	MOVWF      FARG_Lcd_Chr_out_char
0x0334	0x20F5      	CALL       _Lcd_Chr
;MyProject.c,84 :: 		if(i==4)
0x0335	0x3000      	MOVLW      0
0x0336	0x0662      	XORWF      _i+1, 0
0x0337	0x1D03      	BTFSS      STATUS, 2
0x0338	0x2B3B      	GOTO       L__main42
0x0339	0x3004      	MOVLW      4
0x033A	0x0661      	XORWF      _i, 0
L__main42:
0x033B	0x1D03      	BTFSS      STATUS, 2
0x033C	0x2C0A      	GOTO       L_main25
;MyProject.c,88 :: 		for( j=0;j<4;j++)
0x033D	0x1683      	BSF        STATUS, 5
0x033E	0x01B8      	CLRF       main_j_L2
0x033F	0x01B9      	CLRF       main_j_L2+1
L_main26:
0x0340	0x3080      	MOVLW      128
0x0341	0x0639      	XORWF      main_j_L2+1, 0
0x0342	0x00F0      	MOVWF      R0
0x0343	0x3080      	MOVLW      128
0x0344	0x0270      	SUBWF      R0, 0
0x0345	0x1D03      	BTFSS      STATUS, 2
0x0346	0x2B49      	GOTO       L__main43
0x0347	0x3004      	MOVLW      4
0x0348	0x0238      	SUBWF      main_j_L2, 0
L__main43:
0x0349	0x1803      	BTFSC      STATUS, 0
0x034A	0x2B60      	GOTO       L_main27
;MyProject.c,91 :: 		if(Entered[j]!=Password[j])
0x034B	0x0838      	MOVF       main_j_L2, 0
0x034C	0x3E63      	ADDLW      _Entered
0x034D	0x0084      	MOVWF      FSR
0x034E	0x0800      	MOVF       INDF, 0
0x034F	0x00F1      	MOVWF      R1
0x0350	0x0838      	MOVF       main_j_L2, 0
0x0351	0x1283      	BCF        STATUS, 5
0x0352	0x0760      	ADDWF      _Password, 0
0x0353	0x0084      	MOVWF      FSR
0x0354	0x0871      	MOVF       R1, 0
0x0355	0x0600      	XORWF      INDF, 0
0x0356	0x1903      	BTFSC      STATUS, 2
0x0357	0x2B5B      	GOTO       L_main29
;MyProject.c,93 :: 		state=1;
0x0358	0x3001      	MOVLW      1
0x0359	0x00ED      	MOVWF      _state
;MyProject.c,95 :: 		break;
0x035A	0x2B60      	GOTO       L_main27
;MyProject.c,96 :: 		}
L_main29:
;MyProject.c,88 :: 		for( j=0;j<4;j++)
0x035B	0x1683      	BSF        STATUS, 5
0x035C	0x0AB8      	INCF       main_j_L2, 1
0x035D	0x1903      	BTFSC      STATUS, 2
0x035E	0x0AB9      	INCF       main_j_L2+1, 1
;MyProject.c,97 :: 		}
0x035F	0x2B40      	GOTO       L_main26
L_main27:
;MyProject.c,99 :: 		if(state!=1)
0x0360	0x1283      	BCF        STATUS, 5
0x0361	0x086D      	MOVF       _state, 0
0x0362	0x3A01      	XORLW      1
0x0363	0x1903      	BTFSC      STATUS, 2
0x0364	0x2B67      	GOTO       L_main30
;MyProject.c,102 :: 		state=2;
0x0365	0x3002      	MOVLW      2
0x0366	0x00ED      	MOVWF      _state
;MyProject.c,103 :: 		}
L_main30:
;MyProject.c,107 :: 		if(state==1)
0x0367	0x086D      	MOVF       _state, 0
0x0368	0x3A01      	XORLW      1
0x0369	0x1D03      	BTFSS      STATUS, 2
0x036A	0x2B94      	GOTO       L_main31
;MyProject.c,110 :: 		Lcd_Out(2,1,"Wrong");
0x036B	0x3002      	MOVLW      2
0x036C	0x1683      	BSF        STATUS, 5
0x036D	0x00BA      	MOVWF      FARG_Lcd_Out_row
0x036E	0x3001      	MOVLW      1
0x036F	0x00BB      	MOVWF      FARG_Lcd_Out_column
0x0370	0x30A0      	MOVLW      ?lstr4_MyProject
0x0371	0x00BC      	MOVWF      FARG_Lcd_Out_text
0x0372	0x216E      	CALL       _Lcd_Out
;MyProject.c,112 :: 		Delay_ms(4000);
0x0373	0x3015      	MOVLW      21
0x0374	0x00FB      	MOVWF      R11
0x0375	0x304B      	MOVLW      75
0x0376	0x00FC      	MOVWF      R12
0x0377	0x30BE      	MOVLW      190
0x0378	0x00FD      	MOVWF      R13
L_main32:
0x0379	0x0BFD      	DECFSZ     R13, 1
0x037A	0x2B79      	GOTO       L_main32
0x037B	0x0BFC      	DECFSZ     R12, 1
0x037C	0x2B79      	GOTO       L_main32
0x037D	0x0BFB      	DECFSZ     R11, 1
0x037E	0x2B79      	GOTO       L_main32
0x037F	0x0000      	NOP
;MyProject.c,114 :: 		Lcd_Out(2,1,"     ");
0x0380	0x3002      	MOVLW      2
0x0381	0x1683      	BSF        STATUS, 5
0x0382	0x00BA      	MOVWF      FARG_Lcd_Out_row
0x0383	0x3001      	MOVLW      1
0x0384	0x00BB      	MOVWF      FARG_Lcd_Out_column
0x0385	0x3067      	MOVLW      ?lstr5_MyProject
0x0386	0x00BC      	MOVWF      FARG_Lcd_Out_text
0x0387	0x216E      	CALL       _Lcd_Out
;MyProject.c,116 :: 		Lcd_Out(2,1,"");
0x0388	0x3002      	MOVLW      2
0x0389	0x1683      	BSF        STATUS, 5
0x038A	0x00BA      	MOVWF      FARG_Lcd_Out_row
0x038B	0x3001      	MOVLW      1
0x038C	0x00BB      	MOVWF      FARG_Lcd_Out_column
0x038D	0x305F      	MOVLW      ?lstr6_MyProject
0x038E	0x00BC      	MOVWF      FARG_Lcd_Out_text
0x038F	0x216E      	CALL       _Lcd_Out
;MyProject.c,118 :: 		i=0;
0x0390	0x01E1      	CLRF       _i
0x0391	0x01E2      	CLRF       _i+1
;MyProject.c,120 :: 		state=0;
0x0392	0x01ED      	CLRF       _state
;MyProject.c,121 :: 		}
0x0393	0x2C0A      	GOTO       L_main33
L_main31:
;MyProject.c,123 :: 		else if(state==2)
0x0394	0x086D      	MOVF       _state, 0
0x0395	0x3A02      	XORLW      2
0x0396	0x1D03      	BTFSS      STATUS, 2
0x0397	0x2C0A      	GOTO       L_main34
;MyProject.c,126 :: 		Lcd_Out(2,1,"Right");
0x0398	0x3002      	MOVLW      2
0x0399	0x1683      	BSF        STATUS, 5
0x039A	0x00BA      	MOVWF      FARG_Lcd_Out_row
0x039B	0x3001      	MOVLW      1
0x039C	0x00BB      	MOVWF      FARG_Lcd_Out_column
0x039D	0x3042      	MOVLW      ?lstr7_MyProject
0x039E	0x00BC      	MOVWF      FARG_Lcd_Out_text
0x039F	0x216E      	CALL       _Lcd_Out
;MyProject.c,128 :: 		Delay_ms(1000);
0x03A0	0x3006      	MOVLW      6
0x03A1	0x00FB      	MOVWF      R11
0x03A2	0x3013      	MOVLW      19
0x03A3	0x00FC      	MOVWF      R12
0x03A4	0x30AD      	MOVLW      173
0x03A5	0x00FD      	MOVWF      R13
L_main35:
0x03A6	0x0BFD      	DECFSZ     R13, 1
0x03A7	0x2BA6      	GOTO       L_main35
0x03A8	0x0BFC      	DECFSZ     R12, 1
0x03A9	0x2BA6      	GOTO       L_main35
0x03AA	0x0BFB      	DECFSZ     R11, 1
0x03AB	0x2BA6      	GOTO       L_main35
0x03AC	0x0000      	NOP
0x03AD	0x0000      	NOP
;MyProject.c,130 :: 		Lcd_Cmd(_LCD_CLEAR);
0x03AE	0x3001      	MOVLW      1
0x03AF	0x1683      	BSF        STATUS, 5
0x03B0	0x00C7      	MOVWF      FARG_Lcd_Cmd_out_char
0x03B1	0x2032      	CALL       _Lcd_Cmd
;MyProject.c,132 :: 		initialize_Interrupt();
0x03B2	0x2148      	CALL       _initialize_Interrupt
;MyProject.c,134 :: 		counter = 0;
0x03B3	0x01C0      	CLRF       _counter
0x03B4	0x01C1      	CLRF       _counter+1
;MyProject.c,136 :: 		time = 0;
0x03B5	0x1683      	BSF        STATUS, 5
0x03B6	0x01AD      	CLRF       _time
0x03B7	0x01AE      	CLRF       _time+1
;MyProject.c,138 :: 		PORTD.B0=1;
0x03B8	0x1283      	BCF        STATUS, 5
0x03B9	0x1408      	BSF        PORTD, 0
;MyProject.c,140 :: 		Lcd_Out(1,1,"Motor On Since:");
0x03BA	0x3001      	MOVLW      1
0x03BB	0x1683      	BSF        STATUS, 5
0x03BC	0x00BA      	MOVWF      FARG_Lcd_Out_row
0x03BD	0x3001      	MOVLW      1
0x03BE	0x00BB      	MOVWF      FARG_Lcd_Out_column
0x03BF	0x304F      	MOVLW      ?lstr8_MyProject
0x03C0	0x00BC      	MOVWF      FARG_Lcd_Out_text
0x03C1	0x216E      	CALL       _Lcd_Out
;MyProject.c,142 :: 		while(time<4)
L_main36:
0x03C2	0x3080      	MOVLW      128
0x03C3	0x1683      	BSF        STATUS, 5
0x03C4	0x062E      	XORWF      _time+1, 0
0x03C5	0x00F0      	MOVWF      R0
0x03C6	0x3080      	MOVLW      128
0x03C7	0x0270      	SUBWF      R0, 0
0x03C8	0x1D03      	BTFSS      STATUS, 2
0x03C9	0x2BCC      	GOTO       L__main44
0x03CA	0x3004      	MOVLW      4
0x03CB	0x022D      	SUBWF      _time, 0
L__main44:
0x03CC	0x1803      	BTFSC      STATUS, 0
0x03CD	0x2BEC      	GOTO       L_main37
;MyProject.c,145 :: 		if(counter==500)
0x03CE	0x1283      	BCF        STATUS, 5
0x03CF	0x0841      	MOVF       _counter+1, 0
0x03D0	0x3A01      	XORLW      1
0x03D1	0x1D03      	BTFSS      STATUS, 2
0x03D2	0x2BD5      	GOTO       L__main45
0x03D3	0x30F4      	MOVLW      244
0x03D4	0x0640      	XORWF      _counter, 0
L__main45:
0x03D5	0x1D03      	BTFSS      STATUS, 2
0x03D6	0x2BEB      	GOTO       L_main38
;MyProject.c,147 :: 		counter=0; // start counter from the beginning
0x03D7	0x01C0      	CLRF       _counter
0x03D8	0x01C1      	CLRF       _counter+1
;MyProject.c,148 :: 		time=time++; // increase time one second
0x03D9	0x1683      	BSF        STATUS, 5
0x03DA	0x0AAD      	INCF       _time, 1
0x03DB	0x1903      	BTFSC      STATUS, 2
0x03DC	0x0AAE      	INCF       _time+1, 1
;MyProject.c,149 :: 		IntToStrWithZeros(time, txt); // convert the number of seconds to string
0x03DD	0x082D      	MOVF       _time, 0
0x03DE	0x00BA      	MOVWF      FARG_IntToStrWithZeros_input
0x03DF	0x082E      	MOVF       _time+1, 0
0x03E0	0x00BB      	MOVWF      FARG_IntToStrWithZeros_input+1
0x03E1	0x30AF      	MOVLW      _txt
0x03E2	0x00BC      	MOVWF      FARG_IntToStrWithZeros_output
0x03E3	0x21B1      	CALL       _IntToStrWithZeros
;MyProject.c,150 :: 		Lcd_Out(2,1,txt); // display the number of seconds
0x03E4	0x3002      	MOVLW      2
0x03E5	0x00BA      	MOVWF      FARG_Lcd_Out_row
0x03E6	0x3001      	MOVLW      1
0x03E7	0x00BB      	MOVWF      FARG_Lcd_Out_column
0x03E8	0x30AF      	MOVLW      _txt
0x03E9	0x00BC      	MOVWF      FARG_Lcd_Out_text
0x03EA	0x216E      	CALL       _Lcd_Out
;MyProject.c,151 :: 		}
L_main38:
;MyProject.c,152 :: 		}
0x03EB	0x2BC2      	GOTO       L_main36
L_main37:
0x03EC	0x1283      	BCF        STATUS, 5
;MyProject.c,154 :: 		PORTD.B0=0;
0x03ED	0x1008      	BCF        PORTD, 0
;MyProject.c,156 :: 		strcpy(txt,"000000");
0x03EE	0x30AF      	MOVLW      _txt
0x03EF	0x1683      	BSF        STATUS, 5
0x03F0	0x00BA      	MOVWF      FARG_strcpy_to
0x03F1	0x3048      	MOVLW      ?lstr9_MyProject
0x03F2	0x00BB      	MOVWF      FARG_strcpy_from
0x03F3	0x212D      	CALL       _strcpy
;MyProject.c,158 :: 		Lcd_Cmd(_LCD_CLEAR);
0x03F4	0x3001      	MOVLW      1
0x03F5	0x00C7      	MOVWF      FARG_Lcd_Cmd_out_char
0x03F6	0x2032      	CALL       _Lcd_Cmd
;MyProject.c,160 :: 		Lcd_Out(1,1,"Enter Password");
0x03F7	0x3001      	MOVLW      1
0x03F8	0x1683      	BSF        STATUS, 5
0x03F9	0x00BA      	MOVWF      FARG_Lcd_Out_row
0x03FA	0x3001      	MOVLW      1
0x03FB	0x00BB      	MOVWF      FARG_Lcd_Out_column
0x03FC	0x3031      	MOVLW      ?lstr10_MyProject
0x03FD	0x00BC      	MOVWF      FARG_Lcd_Out_text
0x03FE	0x216E      	CALL       _Lcd_Out
;MyProject.c,162 :: 		Lcd_Out(2,1,"");
0x03FF	0x3002      	MOVLW      2
0x0400	0x1683      	BSF        STATUS, 5
0x0401	0x00BA      	MOVWF      FARG_Lcd_Out_row
0x0402	0x3001      	MOVLW      1
0x0403	0x00BB      	MOVWF      FARG_Lcd_Out_column
0x0404	0x3020      	MOVLW      ?lstr11_MyProject
0x0405	0x00BC      	MOVWF      FARG_Lcd_Out_text
0x0406	0x216E      	CALL       _Lcd_Out
;MyProject.c,164 :: 		i=0;
0x0407	0x01E1      	CLRF       _i
0x0408	0x01E2      	CLRF       _i+1
;MyProject.c,166 :: 		state=0;
0x0409	0x01ED      	CLRF       _state
;MyProject.c,167 :: 		}
L_main34:
L_main33:
;MyProject.c,168 :: 		}
L_main25:
;MyProject.c,169 :: 		} while (1);
0x040A	0x2A9A      	GOTO       L_main0
;MyProject.c,171 :: 		}
L_end_main:
0x040B	0x2C0B      	GOTO       $+0
; end of _main
0x046A	0x3020      	MOVLW      32
0x046B	0x0084      	MOVWF      FSR
0x046C	0x304D      	MOVLW      77
0x046D	0x1283      	BCF        STATUS, 5
0x046E	0x1303      	BCF        STATUS, 6
0x046F	0x00F0      	MOVWF      R0
0x0470	0x3011      	MOVLW      17
0x0471	0x1683      	BSF        STATUS, 5
0x0472	0x00AB      	MOVWF      ___DoICPAddr
0x0473	0x3004      	MOVLW      4
0x0474	0x00AC      	MOVWF      172
0x0475	0x2220      	CALL       544
0x0476	0x30A0      	MOVLW      160
0x0477	0x0084      	MOVWF      FSR
0x0478	0x3006      	MOVLW      6
0x0479	0x00F0      	MOVWF      R0
0x047A	0x305E      	MOVLW      94
0x047B	0x1683      	BSF        STATUS, 5
0x047C	0x00AB      	MOVWF      ___DoICPAddr
0x047D	0x3004      	MOVLW      4
0x047E	0x00AC      	MOVWF      172
0x047F	0x2220      	CALL       544
0x0480	0x306D      	MOVLW      109
0x0481	0x0084      	MOVWF      FSR
0x0482	0x3001      	MOVLW      1
0x0483	0x00F0      	MOVWF      R0
0x0484	0x3003      	MOVLW      3
0x0485	0x1683      	BSF        STATUS, 5
0x0486	0x00AB      	MOVWF      ___DoICPAddr
0x0487	0x3000      	MOVLW      0
0x0488	0x00AC      	MOVWF      172
0x0489	0x2220      	CALL       544
0x048A	0x30A6      	MOVLW      166
0x048B	0x0084      	MOVWF      FSR
0x048C	0x3005      	MOVLW      5
0x048D	0x00F0      	MOVWF      R0
0x048E	0x3064      	MOVLW      100
0x048F	0x1683      	BSF        STATUS, 5
0x0490	0x00AB      	MOVWF      ___DoICPAddr
0x0491	0x3004      	MOVLW      4
0x0492	0x00AC      	MOVWF      172
0x0493	0x2220      	CALL       544
0x0494	0x0008      	RETURN
;MyProject.c,0 :: ?ICS_state
0x0003	0x3400 ;?ICS_state+0
; end of ?ICS_state
;MyProject.c,0 :: ?ICS?lstr11_MyProject
0x0411	0x3400 ;?ICS?lstr11_MyProject+0
; end of ?ICS?lstr11_MyProject
;MyProject.c,0 :: ?ICS?lstr3_MyProject
0x0412	0x3400 ;?ICS?lstr3_MyProject+0
; end of ?ICS?lstr3_MyProject
;MyProject.c,0 :: ?ICS?lstr2_MyProject
0x0413	0x3445 ;?ICS?lstr2_MyProject+0
0x0414	0x346E ;?ICS?lstr2_MyProject+1
0x0415	0x3474 ;?ICS?lstr2_MyProject+2
0x0416	0x3465 ;?ICS?lstr2_MyProject+3
0x0417	0x3472 ;?ICS?lstr2_MyProject+4
0x0418	0x3420 ;?ICS?lstr2_MyProject+5
0x0419	0x3450 ;?ICS?lstr2_MyProject+6
0x041A	0x3461 ;?ICS?lstr2_MyProject+7
0x041B	0x3473 ;?ICS?lstr2_MyProject+8
0x041C	0x3473 ;?ICS?lstr2_MyProject+9
0x041D	0x3477 ;?ICS?lstr2_MyProject+10
0x041E	0x346F ;?ICS?lstr2_MyProject+11
0x041F	0x3472 ;?ICS?lstr2_MyProject+12
0x0420	0x3464 ;?ICS?lstr2_MyProject+13
0x0421	0x3400 ;?ICS?lstr2_MyProject+14
; end of ?ICS?lstr2_MyProject
;MyProject.c,0 :: ?ICS?lstr10_MyProject
0x0422	0x3445 ;?ICS?lstr10_MyProject+0
0x0423	0x346E ;?ICS?lstr10_MyProject+1
0x0424	0x3474 ;?ICS?lstr10_MyProject+2
0x0425	0x3465 ;?ICS?lstr10_MyProject+3
0x0426	0x3472 ;?ICS?lstr10_MyProject+4
0x0427	0x3420 ;?ICS?lstr10_MyProject+5
0x0428	0x3450 ;?ICS?lstr10_MyProject+6
0x0429	0x3461 ;?ICS?lstr10_MyProject+7
0x042A	0x3473 ;?ICS?lstr10_MyProject+8
0x042B	0x3473 ;?ICS?lstr10_MyProject+9
0x042C	0x3477 ;?ICS?lstr10_MyProject+10
0x042D	0x346F ;?ICS?lstr10_MyProject+11
0x042E	0x3472 ;?ICS?lstr10_MyProject+12
0x042F	0x3464 ;?ICS?lstr10_MyProject+13
0x0430	0x3400 ;?ICS?lstr10_MyProject+14
; end of ?ICS?lstr10_MyProject
;MyProject.c,0 :: ?ICS_counter
0x0431	0x3400 ;?ICS_counter+0
0x0432	0x3400 ;?ICS_counter+1
; end of ?ICS_counter
;MyProject.c,0 :: ?ICS?lstr7_MyProject
0x0433	0x3452 ;?ICS?lstr7_MyProject+0
0x0434	0x3469 ;?ICS?lstr7_MyProject+1
0x0435	0x3467 ;?ICS?lstr7_MyProject+2
0x0436	0x3468 ;?ICS?lstr7_MyProject+3
0x0437	0x3474 ;?ICS?lstr7_MyProject+4
0x0438	0x3400 ;?ICS?lstr7_MyProject+5
; end of ?ICS?lstr7_MyProject
;MyProject.c,0 :: ?ICS?lstr9_MyProject
0x0439	0x3430 ;?ICS?lstr9_MyProject+0
0x043A	0x3430 ;?ICS?lstr9_MyProject+1
0x043B	0x3430 ;?ICS?lstr9_MyProject+2
0x043C	0x3430 ;?ICS?lstr9_MyProject+3
0x043D	0x3430 ;?ICS?lstr9_MyProject+4
0x043E	0x3430 ;?ICS?lstr9_MyProject+5
0x043F	0x3400 ;?ICS?lstr9_MyProject+6
; end of ?ICS?lstr9_MyProject
;MyProject.c,0 :: ?ICS?lstr8_MyProject
0x0440	0x344D ;?ICS?lstr8_MyProject+0
0x0441	0x346F ;?ICS?lstr8_MyProject+1
0x0442	0x3474 ;?ICS?lstr8_MyProject+2
0x0443	0x346F ;?ICS?lstr8_MyProject+3
0x0444	0x3472 ;?ICS?lstr8_MyProject+4
0x0445	0x3420 ;?ICS?lstr8_MyProject+5
0x0446	0x344F ;?ICS?lstr8_MyProject+6
0x0447	0x346E ;?ICS?lstr8_MyProject+7
0x0448	0x3420 ;?ICS?lstr8_MyProject+8
0x0449	0x3453 ;?ICS?lstr8_MyProject+9
0x044A	0x3469 ;?ICS?lstr8_MyProject+10
0x044B	0x346E ;?ICS?lstr8_MyProject+11
0x044C	0x3463 ;?ICS?lstr8_MyProject+12
0x044D	0x3465 ;?ICS?lstr8_MyProject+13
0x044E	0x343A ;?ICS?lstr8_MyProject+14
0x044F	0x3400 ;?ICS?lstr8_MyProject+15
; end of ?ICS?lstr8_MyProject
;MyProject.c,0 :: ?ICS?lstr6_MyProject
0x0450	0x3400 ;?ICS?lstr6_MyProject+0
; end of ?ICS?lstr6_MyProject
;MyProject.c,0 :: ?ICS_Password
0x0451	0x34A6 ;?ICS_Password+0
; end of ?ICS_Password
;MyProject.c,0 :: ?ICS_i
0x0452	0x3400 ;?ICS_i+0
0x0453	0x3400 ;?ICS_i+1
; end of ?ICS_i
;MyProject.c,0 :: ?ICS_Entered
0x0454	0x3400 ;?ICS_Entered+0
0x0455	0x3400 ;?ICS_Entered+1
0x0456	0x3400 ;?ICS_Entered+2
0x0457	0x3400 ;?ICS_Entered+3
; end of ?ICS_Entered
;MyProject.c,0 :: ?ICS?lstr5_MyProject
0x0458	0x3420 ;?ICS?lstr5_MyProject+0
0x0459	0x3420 ;?ICS?lstr5_MyProject+1
0x045A	0x3420 ;?ICS?lstr5_MyProject+2
0x045B	0x3420 ;?ICS?lstr5_MyProject+3
0x045C	0x3420 ;?ICS?lstr5_MyProject+4
0x045D	0x3400 ;?ICS?lstr5_MyProject+5
; end of ?ICS?lstr5_MyProject
;MyProject.c,0 :: ?ICS?lstr4_MyProject
0x045E	0x3457 ;?ICS?lstr4_MyProject+0
0x045F	0x3472 ;?ICS?lstr4_MyProject+1
0x0460	0x346F ;?ICS?lstr4_MyProject+2
0x0461	0x346E ;?ICS?lstr4_MyProject+3
0x0462	0x3467 ;?ICS?lstr4_MyProject+4
0x0463	0x3400 ;?ICS?lstr4_MyProject+5
; end of ?ICS?lstr4_MyProject
;MyProject.c,0 :: ?ICS?lstr1_MyProject
0x0464	0x3430 ;?ICS?lstr1_MyProject+0
0x0465	0x3433 ;?ICS?lstr1_MyProject+1
0x0466	0x3430 ;?ICS?lstr1_MyProject+2
0x0467	0x3438 ;?ICS?lstr1_MyProject+3
0x0468	0x3400 ;?ICS?lstr1_MyProject+4
; end of ?ICS?lstr1_MyProject
Symbol List:
//** Routines locations **
//ADDRESS    SIZE    PROCEDURE
//----------------------------------------------
0x0004      [25]    _interrupt
0x001D       [2]    _Delay_1us
0x001F      [11]    _Delay_5500us
0x002A       [8]    _Delay_50us
0x0032      [87]    _Lcd_Cmd
0x0089       [9]    _Lcd_Chr_CP
0x0092       [7]    _Delay_10us
0x0099      [56]    _Keypad_Key_Press
0x00D1       [7]    _____DoICP
0x00D8      [29]    _Div_16X16_U
0x00F5      [56]    _Lcd_Chr
0x012D      [27]    _strcpy
0x0148      [13]    _initialize_Interrupt
0x0155      [15]    _Keypad_Key_Click
0x0164      [10]    _Keypad_Init
0x016E      [67]    _Lcd_Out
0x01B1     [111]    _IntToStrWithZeros
0x0220      [12]    ___CC2DW
0x022C      [78]    _Lcd_Init
0x027A     [401]    _main
//** Variables locations ** 
//ADDRESS    SIZE    VARIABLE
//----------------------------------------------
0x0000       [1]    INDF
0x0001       [1]    TMR0
0x0002       [1]    PCL
0x0003       [1]    STATUS
0x0004       [1]    FSR
0x0006       [1]    PORTB
0x0006       [1]    keypadPort
0x0007       [0]    RC5_bit
0x0007       [0]    RC6_bit
0x0007       [0]    RC7_bit
0x0007       [0]    RC2_bit
0x0007       [0]    RC3_bit
0x0007       [0]    RC4_bit
0x0007       [0]    LCD_D7
0x0007       [0]    LCD_EN
0x0007       [0]    LCD_RS
0x0007       [0]    LCD_D4
0x0007       [0]    LCD_D5
0x0007       [0]    LCD_D6
0x0008       [1]    PORTD
0x000A       [1]    PCLATH
0x000B       [0]    GIE_bit
0x000B       [1]    INTCON
0x000B       [0]    TMR0IE_bit
0x0020       [1]    ?lstr11_MyProject
0x0021       [1]    ?lstr3_MyProject
0x0022      [15]    ?lstr2_MyProject
0x0031      [15]    ?lstr10_MyProject
0x0040       [2]    _counter
0x0042       [6]    ?lstr7_MyProject
0x0048       [7]    ?lstr9_MyProject
0x004F      [16]    ?lstr8_MyProject
0x005F       [1]    ?lstr6_MyProject
0x0060       [1]    _Password
0x0061       [2]    _i
0x0063       [4]    _Entered
0x0067       [6]    ?lstr5_MyProject
0x006D       [1]    _state
0x006E       [0]    __Lib_Lcd_cmd_status
0x006F       [1]    _kp
0x0070       [1]    R0
0x0071       [1]    R1
0x0072       [1]    R2
0x0073       [1]    R3
0x0074       [1]    R4
0x0075       [1]    R5
0x0076       [1]    R6
0x0077       [1]    R7
0x0078       [1]    R8
0x0079       [1]    R9
0x007A       [1]    R10
0x007B       [1]    R11
0x007C       [1]    R12
0x007D       [1]    R13
0x007E       [1]    R14
0x007F       [1]    R15
0x0081       [0]    PS0_bit
0x0081       [0]    PS1_bit
0x0081       [0]    T0CS_bit
0x0081       [0]    PS2_bit
0x0081       [0]    PSA_bit
0x0087       [0]    TRISC2_bit
0x0087       [0]    LCD_EN_Direction
0x0087       [0]    LCD_D7_Direction
0x0087       [0]    LCD_RS_Direction
0x0087       [0]    TRISC7_bit
0x0087       [0]    TRISC6_bit
0x0087       [0]    LCD_D4_Direction
0x0087       [0]    LCD_D5_Direction
0x0087       [0]    TRISC3_bit
0x0087       [0]    TRISC5_bit
0x0087       [0]    LCD_D6_Direction
0x0087       [0]    TRISC4_bit
0x0088       [1]    TRISD
0x00A0       [6]    ?lstr4_MyProject
0x00A6       [5]    ?lstr1_MyProject
0x00AB       [2]    ___DoICPAddr
0x00AD       [2]    _time
0x00AF       [7]    _txt
0x00B6       [1]    ___savePCLATH
0x00B7       [1]    ___saveSTATUS
0x00B8       [2]    main_j_L2
0x00BA       [1]    FARG_strcpy_to
0x00BA       [1]    FARG_Lcd_Out_row
0x00BA       [1]    Keypad_Key_Click_rslt_L0
0x00BA       [2]    FARG_IntToStrWithZeros_input
0x00BA       [1]    FARG_Lcd_Chr_row
0x00BB       [1]    FARG_Lcd_Chr_column
0x00BB       [1]    FARG_Lcd_Out_column
0x00BB       [1]    FARG_strcpy_from
0x00BC       [1]    FARG_Lcd_Chr_out_char
0x00BC       [1]    FARG_Lcd_Out_text
0x00BC       [1]    FARG_IntToStrWithZeros_output
0x00BD       [1]    Lcd_Out_i_L0
0x00BD       [1]    IntToStrWithZeros_negative_L0
0x00BE       [1]    IntToStrWithZeros_len_L0
0x00BF       [2]    IntToStrWithZeros_tmp_L0
0x00C1       [1]    FLOC__IntToStrWithZeros
0x00C2       [1]    FARG_Lcd_Chr_CP_out_char
0x00C2       [1]    Keypad_Key_Press_rslt_L0
0x00C3       [1]    Keypad_Key_Press_kdata_L0
0x00C4       [1]    Keypad_Key_Press_loc_L0
0x00C5       [1]    Keypad_Key_Press_rowcnt_L0
0x00C6       [1]    Keypad_Key_Press_shifter_L0
0x00C7       [1]    FARG_Lcd_Cmd_out_char
//** Constants locations ** 
//ADDRESS    SIZE    CONSTANT
//----------------------------------------------
0x0003       [1]    ?ICS_state
0x0411       [1]    ?ICS?lstr11_MyProject
0x0412       [1]    ?ICS?lstr3_MyProject
0x0413      [15]    ?ICS?lstr2_MyProject
0x0422      [15]    ?ICS?lstr10_MyProject
0x0431       [2]    ?ICS_counter
0x0433       [6]    ?ICS?lstr7_MyProject
0x0439       [7]    ?ICS?lstr9_MyProject
0x0440      [16]    ?ICS?lstr8_MyProject
0x0450       [1]    ?ICS?lstr6_MyProject
0x0451       [1]    ?ICS_Password
0x0452       [2]    ?ICS_i
0x0454       [4]    ?ICS_Entered
0x0458       [6]    ?ICS?lstr5_MyProject
0x045E       [6]    ?ICS?lstr4_MyProject
0x0464       [5]    ?ICS?lstr1_MyProject
