;  LST file generated by mikroListExporter - v.2.0 
; Date/Time: 29/04/2023 05:08:22 Õ
;----------------------------------------------

;Address Opcode 	ASM
0x0000	0x29B8      	GOTO       440
_interrupt:
0x0004	0x00FF      	MOVWF      R15
0x0005	0x0E03      	SWAPF      STATUS, 0
0x0006	0x0183      	CLRF       STATUS
0x0007	0x00DD      	MOVWF      ___saveSTATUS
0x0008	0x080A      	MOVF       PCLATH, 0
0x0009	0x00DB      	MOVWF      ___savePCLATH
0x000A	0x018A      	CLRF       PCLATH
;MyProject.c,61 :: 		void interrupt() { // Interrupt handler
;MyProject.c,62 :: 		if(INTF_bit==1){ //EXT int flag
0x000B	0x1C8B      	BTFSS      INTF_bit, BitPos(INTF_bit+0)
0x000C	0x2810      	GOTO       L_interrupt7
;MyProject.c,63 :: 		flag=1;
0x000D	0x3001      	MOVLW      1
0x000E	0x00AF      	MOVWF      _flag
;MyProject.c,64 :: 		INTF_bit=0;                //reset the int flag
0x000F	0x108B      	BCF        INTF_bit, BitPos(INTF_bit+0)
;MyProject.c,66 :: 		}
L_interrupt7:
;MyProject.c,67 :: 		if (INTCON.TMR0IF==1) { // check for timer 0 interrupt flag
0x0010	0x1D0B      	BTFSS      INTCON, 2
0x0011	0x2818      	GOTO       L_interrupt8
;MyProject.c,68 :: 		counter++; // increment 1 every interrupt
0x0012	0x0AB0      	INCF       _counter, 1
0x0013	0x1903      	BTFSC      STATUS, 2
0x0014	0x0AB1      	INCF       _counter+1, 1
;MyProject.c,69 :: 		INTCON.TMR0IF=0; // reset the TMR0IF flag
0x0015	0x110B      	BCF        INTCON, 2
;MyProject.c,70 :: 		TMR0=6; // store 6 in the TMR0 register
0x0016	0x3006      	MOVLW      6
0x0017	0x0081      	MOVWF      TMR0
;MyProject.c,71 :: 		}
L_interrupt8:
;MyProject.c,73 :: 		}
L_end_interrupt:
L__interrupt13:
0x0018	0x085B      	MOVF       ___savePCLATH, 0
0x0019	0x008A      	MOVWF      PCLATH
0x001A	0x0E5D      	SWAPF      ___saveSTATUS, 0
0x001B	0x0083      	MOVWF      STATUS
0x001C	0x0EFF      	SWAPF      R15, 1
0x001D	0x0E7F      	SWAPF      R15, 0
0x001E	0x0009      	RETFIE
; end of _interrupt
_Delay_1us:
;__Lib_Delays.c,7 :: 		void Delay_1us() {
;__Lib_Delays.c,8 :: 		Delay_us(1);
0x001F	0x0000      	NOP
0x0020	0x0000      	NOP
0x0021	0x0000      	NOP
0x0022	0x0000      	NOP
;__Lib_Delays.c,9 :: 		}
L_end_Delay_1us:
0x0023	0x0008      	RETURN
; end of _Delay_1us
_Delay_50us:
;__Lib_Delays.c,19 :: 		void Delay_50us() {
;__Lib_Delays.c,20 :: 		Delay_us(50);
0x0024	0x3042      	MOVLW      66
0x0025	0x1283      	BCF        STATUS, 5
0x0026	0x1303      	BCF        STATUS, 6
0x0027	0x00FD      	MOVWF      R13
L_Delay_50us2:
0x0028	0x0BFD      	DECFSZ     R13, 1
0x0029	0x2828      	GOTO       L_Delay_50us2
0x002A	0x0000      	NOP
;__Lib_Delays.c,21 :: 		}
L_end_Delay_50us:
0x002B	0x0008      	RETURN
; end of _Delay_50us
_Delay_5500us:
;__Lib_Delays.c,31 :: 		void Delay_5500us() {
;__Lib_Delays.c,32 :: 		Delay_us(5500);
0x002C	0x301D      	MOVLW      29
0x002D	0x1283      	BCF        STATUS, 5
0x002E	0x1303      	BCF        STATUS, 6
0x002F	0x00FC      	MOVWF      R12
0x0030	0x3091      	MOVLW      145
0x0031	0x00FD      	MOVWF      R13
L_Delay_5500us5:
0x0032	0x0BFD      	DECFSZ     R13, 1
0x0033	0x2832      	GOTO       L_Delay_5500us5
0x0034	0x0BFC      	DECFSZ     R12, 1
0x0035	0x2832      	GOTO       L_Delay_5500us5
;__Lib_Delays.c,33 :: 		}
L_end_Delay_5500us:
0x0036	0x0008      	RETURN
; end of _Delay_5500us
_Lcd_Cmd:
;__Lib_Lcd.c,18 :: 		
;__Lib_Lcd.c,20 :: 		
0x0037	0x1283      	BCF        STATUS, 5
0x0038	0x1303      	BCF        STATUS, 6
0x0039	0x1BE7      	BTFSC      FARG_Lcd_Cmd_out_char, 7
0x003A	0x283D      	GOTO       L__Lcd_Cmd21
0x003B	0x1187      	BCF        LCD_D7, BitPos(LCD_D7+0)
0x003C	0x283E      	GOTO       L__Lcd_Cmd22
L__Lcd_Cmd21:
0x003D	0x1587      	BSF        LCD_D7, BitPos(LCD_D7+0)
L__Lcd_Cmd22:
;__Lib_Lcd.c,21 :: 		
0x003E	0x1B67      	BTFSC      FARG_Lcd_Cmd_out_char, 6
0x003F	0x2842      	GOTO       L__Lcd_Cmd23
0x0040	0x1107      	BCF        LCD_D6, BitPos(LCD_D6+0)
0x0041	0x2843      	GOTO       L__Lcd_Cmd24
L__Lcd_Cmd23:
0x0042	0x1507      	BSF        LCD_D6, BitPos(LCD_D6+0)
L__Lcd_Cmd24:
;__Lib_Lcd.c,22 :: 		
0x0043	0x1AE7      	BTFSC      FARG_Lcd_Cmd_out_char, 5
0x0044	0x2847      	GOTO       L__Lcd_Cmd25
0x0045	0x1087      	BCF        LCD_D5, BitPos(LCD_D5+0)
0x0046	0x2848      	GOTO       L__Lcd_Cmd26
L__Lcd_Cmd25:
0x0047	0x1487      	BSF        LCD_D5, BitPos(LCD_D5+0)
L__Lcd_Cmd26:
;__Lib_Lcd.c,23 :: 		
0x0048	0x1A67      	BTFSC      FARG_Lcd_Cmd_out_char, 4
0x0049	0x284C      	GOTO       L__Lcd_Cmd27
0x004A	0x1007      	BCF        LCD_D4, BitPos(LCD_D4+0)
0x004B	0x284D      	GOTO       L__Lcd_Cmd28
L__Lcd_Cmd27:
0x004C	0x1407      	BSF        LCD_D4, BitPos(LCD_D4+0)
L__Lcd_Cmd28:
;__Lib_Lcd.c,25 :: 		
0x004D	0x185C      	BTFSC      __Lib_Lcd_cmd_status, BitPos(__Lib_Lcd_cmd_status+0)
0x004E	0x2851      	GOTO       L__Lcd_Cmd29
0x004F	0x1607      	BSF        LCD_RS, BitPos(LCD_RS+0)
0x0050	0x2852      	GOTO       L__Lcd_Cmd30
L__Lcd_Cmd29:
0x0051	0x1207      	BCF        LCD_RS, BitPos(LCD_RS+0)
L__Lcd_Cmd30:
;__Lib_Lcd.c,28 :: 		
0x0052	0x1687      	BSF        LCD_EN, BitPos(LCD_EN+0)
;__Lib_Lcd.c,29 :: 		
0x0053	0x201F      	CALL       _Delay_1us
;__Lib_Lcd.c,30 :: 		
0x0054	0x1287      	BCF        LCD_EN, BitPos(LCD_EN+0)
;__Lib_Lcd.c,33 :: 		
0x0055	0x19E7      	BTFSC      FARG_Lcd_Cmd_out_char, 3
0x0056	0x2859      	GOTO       L__Lcd_Cmd31
0x0057	0x1187      	BCF        LCD_D7, BitPos(LCD_D7+0)
0x0058	0x285A      	GOTO       L__Lcd_Cmd32
L__Lcd_Cmd31:
0x0059	0x1587      	BSF        LCD_D7, BitPos(LCD_D7+0)
L__Lcd_Cmd32:
;__Lib_Lcd.c,34 :: 		
0x005A	0x1967      	BTFSC      FARG_Lcd_Cmd_out_char, 2
0x005B	0x285E      	GOTO       L__Lcd_Cmd33
0x005C	0x1107      	BCF        LCD_D6, BitPos(LCD_D6+0)
0x005D	0x285F      	GOTO       L__Lcd_Cmd34
L__Lcd_Cmd33:
0x005E	0x1507      	BSF        LCD_D6, BitPos(LCD_D6+0)
L__Lcd_Cmd34:
;__Lib_Lcd.c,35 :: 		
0x005F	0x18E7      	BTFSC      FARG_Lcd_Cmd_out_char, 1
0x0060	0x2863      	GOTO       L__Lcd_Cmd35
0x0061	0x1087      	BCF        LCD_D5, BitPos(LCD_D5+0)
0x0062	0x2864      	GOTO       L__Lcd_Cmd36
L__Lcd_Cmd35:
0x0063	0x1487      	BSF        LCD_D5, BitPos(LCD_D5+0)
L__Lcd_Cmd36:
;__Lib_Lcd.c,36 :: 		
0x0064	0x1867      	BTFSC      FARG_Lcd_Cmd_out_char, 0
0x0065	0x2868      	GOTO       L__Lcd_Cmd37
0x0066	0x1007      	BCF        LCD_D4, BitPos(LCD_D4+0)
0x0067	0x2869      	GOTO       L__Lcd_Cmd38
L__Lcd_Cmd37:
0x0068	0x1407      	BSF        LCD_D4, BitPos(LCD_D4+0)
L__Lcd_Cmd38:
;__Lib_Lcd.c,38 :: 		
0x0069	0x185C      	BTFSC      __Lib_Lcd_cmd_status, BitPos(__Lib_Lcd_cmd_status+0)
0x006A	0x286D      	GOTO       L__Lcd_Cmd39
0x006B	0x1607      	BSF        LCD_RS, BitPos(LCD_RS+0)
0x006C	0x286E      	GOTO       L__Lcd_Cmd40
L__Lcd_Cmd39:
0x006D	0x1207      	BCF        LCD_RS, BitPos(LCD_RS+0)
L__Lcd_Cmd40:
;__Lib_Lcd.c,40 :: 		
0x006E	0x1687      	BSF        LCD_EN, BitPos(LCD_EN+0)
;__Lib_Lcd.c,41 :: 		
0x006F	0x201F      	CALL       _Delay_1us
;__Lib_Lcd.c,42 :: 		
0x0070	0x1287      	BCF        LCD_EN, BitPos(LCD_EN+0)
;__Lib_Lcd.c,44 :: 		
0x0071	0x1C5C      	BTFSS      __Lib_Lcd_cmd_status, BitPos(__Lib_Lcd_cmd_status+0)
0x0072	0x2875      	GOTO       L_Lcd_Cmd0
;__Lib_Lcd.c,45 :: 		
0x0073	0x202C      	CALL       _Delay_5500us
0x0074	0x2876      	GOTO       L_Lcd_Cmd1
L_Lcd_Cmd0:
;__Lib_Lcd.c,47 :: 		
0x0075	0x2024      	CALL       _Delay_50us
L_Lcd_Cmd1:
;__Lib_Lcd.c,48 :: 		
L_end_Lcd_Cmd:
0x0076	0x0008      	RETURN
; end of _Lcd_Cmd
_Div_16X16_U:
;__Lib_Math.c,215 :: 		
;__Lib_Math.c,222 :: 		
0x0077	0x1283      	BCF        STATUS, 5
;__Lib_Math.c,223 :: 		
0x0078	0x1303      	BCF        STATUS, 6
;__Lib_Math.c,224 :: 		
0x0079	0x01F8      	CLRF       R8
;__Lib_Math.c,225 :: 		
0x007A	0x01F9      	CLRF       R9
;__Lib_Math.c,226 :: 		
0x007B	0x3010      	MOVLW      16
;__Lib_Math.c,227 :: 		
0x007C	0x00FC      	MOVWF      R12
;__Lib_Math.c,228 :: 		
0x007D	0x0D71      	RLF        R1, 0
;__Lib_Math.c,229 :: 		
0x007E	0x0DF8      	RLF        R8, 1
;__Lib_Math.c,230 :: 		
0x007F	0x0DF9      	RLF        R9, 1
;__Lib_Math.c,231 :: 		
0x0080	0x0874      	MOVF       R4, 0
;__Lib_Math.c,232 :: 		
0x0081	0x02F8      	SUBWF      R8, 1
;__Lib_Math.c,233 :: 		
0x0082	0x0875      	MOVF       R5, 0
;__Lib_Math.c,234 :: 		
0x0083	0x1C03      	BTFSS      STATUS, 0
;__Lib_Math.c,235 :: 		
0x0084	0x0F75      	INCFSZ     R5, 0
;__Lib_Math.c,236 :: 		
0x0085	0x02F9      	SUBWF      R9, 1
;__Lib_Math.c,237 :: 		
0x0086	0x1803      	BTFSC      STATUS, 0
;__Lib_Math.c,238 :: 		
0x0087	0x288F      	GOTO       $+8
;__Lib_Math.c,239 :: 		
0x0088	0x0874      	MOVF       R4, 0
;__Lib_Math.c,240 :: 		
0x0089	0x07F8      	ADDWF      R8, 1
;__Lib_Math.c,241 :: 		
0x008A	0x0875      	MOVF       R5, 0
;__Lib_Math.c,242 :: 		
0x008B	0x1803      	BTFSC      STATUS, 0
;__Lib_Math.c,243 :: 		
0x008C	0x0F75      	INCFSZ     R5, 0
;__Lib_Math.c,244 :: 		
0x008D	0x07F9      	ADDWF      R9, 1
;__Lib_Math.c,245 :: 		
0x008E	0x1003      	BCF        STATUS, 0
;__Lib_Math.c,246 :: 		
0x008F	0x0DF0      	RLF        R0, 1
;__Lib_Math.c,247 :: 		
0x0090	0x0DF1      	RLF        R1, 1
;__Lib_Math.c,248 :: 		
0x0091	0x0BFC      	DECFSZ     R12, 1
;__Lib_Math.c,249 :: 		
0x0092	0x287D      	GOTO       $-21
;__Lib_Math.c,251 :: 		
L_end_Div_16X16_U:
0x0093	0x0008      	RETURN
; end of _Div_16X16_U
_____DoICP:
;__Lib_System.c,6 :: 		
;__Lib_System.c,9 :: 		
0x0094	0x1283      	BCF        STATUS, 5
0x0095	0x1303      	BCF        STATUS, 6
0x0096	0x085A      	MOVF       ___DoICPAddr+1, 0
0x0097	0x008A      	MOVWF      PCLATH
;__Lib_System.c,10 :: 		
0x0098	0x0859      	MOVF       ___DoICPAddr, 0
0x0099	0x0082      	MOVWF      PCL
;__Lib_System.c,12 :: 		
L_end_____DoICP:
0x009A	0x0008      	RETURN
; end of _____DoICP
_Lcd_Chr_CP:
;__Lib_Lcd.c,50 :: 		
;__Lib_Lcd.c,52 :: 		
0x009B	0x1283      	BCF        STATUS, 5
0x009C	0x1303      	BCF        STATUS, 6
0x009D	0x105C      	BCF        __Lib_Lcd_cmd_status, BitPos(__Lib_Lcd_cmd_status+0)
;__Lib_Lcd.c,53 :: 		
0x009E	0x0866      	MOVF       FARG_Lcd_Chr_CP_out_char, 0
0x009F	0x00E7      	MOVWF      FARG_Lcd_Cmd_out_char
0x00A0	0x2037      	CALL       _Lcd_Cmd
;__Lib_Lcd.c,54 :: 		
0x00A1	0x145C      	BSF        __Lib_Lcd_cmd_status, BitPos(__Lib_Lcd_cmd_status+0)
;__Lib_Lcd.c,55 :: 		
L_end_Lcd_Chr_CP:
0x00A2	0x0008      	RETURN
; end of _Lcd_Chr_CP
_IntToStrWithZeros:
;__Lib_Conversions.c,223 :: 		
;__Lib_Conversions.c,228 :: 		
0x00A3	0x1283      	BCF        STATUS, 5
0x00A4	0x1303      	BCF        STATUS, 6
0x00A5	0x01E2      	CLRF       IntToStrWithZeros_len_L0
L_IntToStrWithZeros43:
0x00A6	0x3006      	MOVLW      6
0x00A7	0x0262      	SUBWF      IntToStrWithZeros_len_L0, 0
0x00A8	0x1803      	BTFSC      STATUS, 0
0x00A9	0x28B1      	GOTO       L_IntToStrWithZeros44
;__Lib_Conversions.c,229 :: 		
0x00AA	0x0862      	MOVF       IntToStrWithZeros_len_L0, 0
0x00AB	0x0760      	ADDWF      FARG_IntToStrWithZeros_output, 0
0x00AC	0x0084      	MOVWF      FSR
0x00AD	0x3030      	MOVLW      48
0x00AE	0x0080      	MOVWF      INDF
;__Lib_Conversions.c,228 :: 		
0x00AF	0x0AE2      	INCF       IntToStrWithZeros_len_L0, 1
;__Lib_Conversions.c,229 :: 		
0x00B0	0x28A6      	GOTO       L_IntToStrWithZeros43
L_IntToStrWithZeros44:
;__Lib_Conversions.c,231 :: 		
0x00B1	0x0862      	MOVF       IntToStrWithZeros_len_L0, 0
0x00B2	0x0760      	ADDWF      FARG_IntToStrWithZeros_output, 0
0x00B3	0x0084      	MOVWF      FSR
0x00B4	0x0180      	CLRF       INDF
;__Lib_Conversions.c,233 :: 		
0x00B5	0x3000      	MOVLW      0
0x00B6	0x065F      	XORWF      FARG_IntToStrWithZeros_input+1, 0
0x00B7	0x1D03      	BTFSS      STATUS, 2
0x00B8	0x28BB      	GOTO       L__IntToStrWithZeros390
0x00B9	0x3000      	MOVLW      0
0x00BA	0x065E      	XORWF      FARG_IntToStrWithZeros_input, 0
L__IntToStrWithZeros390:
0x00BB	0x1D03      	BTFSS      STATUS, 2
0x00BC	0x28BE      	GOTO       L_IntToStrWithZeros46
;__Lib_Conversions.c,234 :: 		
0x00BD	0x290F      	GOTO       L_end_IntToStrWithZeros
;__Lib_Conversions.c,235 :: 		
L_IntToStrWithZeros46:
;__Lib_Conversions.c,237 :: 		
0x00BE	0x01E1      	CLRF       IntToStrWithZeros_negative_L0
;__Lib_Conversions.c,239 :: 		
0x00BF	0x3080      	MOVLW      128
0x00C0	0x065F      	XORWF      FARG_IntToStrWithZeros_input+1, 0
0x00C1	0x00F0      	MOVWF      R0
0x00C2	0x3080      	MOVLW      128
0x00C3	0x0270      	SUBWF      R0, 0
0x00C4	0x1D03      	BTFSS      STATUS, 2
0x00C5	0x28C8      	GOTO       L__IntToStrWithZeros391
0x00C6	0x3000      	MOVLW      0
0x00C7	0x025E      	SUBWF      FARG_IntToStrWithZeros_input, 0
L__IntToStrWithZeros391:
0x00C8	0x1803      	BTFSC      STATUS, 0
0x00C9	0x28D5      	GOTO       L_IntToStrWithZeros47
;__Lib_Conversions.c,240 :: 		
0x00CA	0x3001      	MOVLW      1
0x00CB	0x00E1      	MOVWF      IntToStrWithZeros_negative_L0
;__Lib_Conversions.c,241 :: 		
0x00CC	0x085E      	MOVF       FARG_IntToStrWithZeros_input, 0
0x00CD	0x3C00      	SUBLW      0
0x00CE	0x00E3      	MOVWF      IntToStrWithZeros_tmp_L0
0x00CF	0x085F      	MOVF       FARG_IntToStrWithZeros_input+1, 0
0x00D0	0x1C03      	BTFSS      STATUS, 0
0x00D1	0x3E01      	ADDLW      1
0x00D2	0x01E4      	CLRF       IntToStrWithZeros_tmp_L0+1
0x00D3	0x02E4      	SUBWF      IntToStrWithZeros_tmp_L0+1, 1
;__Lib_Conversions.c,242 :: 		
0x00D4	0x28D9      	GOTO       L_IntToStrWithZeros48
L_IntToStrWithZeros47:
;__Lib_Conversions.c,243 :: 		
0x00D5	0x085E      	MOVF       FARG_IntToStrWithZeros_input, 0
0x00D6	0x00E3      	MOVWF      IntToStrWithZeros_tmp_L0
0x00D7	0x085F      	MOVF       FARG_IntToStrWithZeros_input+1, 0
0x00D8	0x00E4      	MOVWF      IntToStrWithZeros_tmp_L0+1
;__Lib_Conversions.c,244 :: 		
L_IntToStrWithZeros48:
;__Lib_Conversions.c,246 :: 		
0x00D9	0x3005      	MOVLW      5
0x00DA	0x00E2      	MOVWF      IntToStrWithZeros_len_L0
;__Lib_Conversions.c,247 :: 		
L_IntToStrWithZeros49:
0x00DB	0x3000      	MOVLW      0
0x00DC	0x0664      	XORWF      IntToStrWithZeros_tmp_L0+1, 0
0x00DD	0x1D03      	BTFSS      STATUS, 2
0x00DE	0x28E1      	GOTO       L__IntToStrWithZeros392
0x00DF	0x3000      	MOVLW      0
0x00E0	0x0663      	XORWF      IntToStrWithZeros_tmp_L0, 0
L__IntToStrWithZeros392:
0x00E1	0x1903      	BTFSC      STATUS, 2
0x00E2	0x2908      	GOTO       L_IntToStrWithZeros50
;__Lib_Conversions.c,248 :: 		
0x00E3	0x0862      	MOVF       IntToStrWithZeros_len_L0, 0
0x00E4	0x0760      	ADDWF      FARG_IntToStrWithZeros_output, 0
0x00E5	0x00E5      	MOVWF      FLOC__IntToStrWithZeros
0x00E6	0x300A      	MOVLW      10
0x00E7	0x00F4      	MOVWF      R4
0x00E8	0x3000      	MOVLW      0
0x00E9	0x00F5      	MOVWF      R4+1
0x00EA	0x0863      	MOVF       IntToStrWithZeros_tmp_L0, 0
0x00EB	0x00F0      	MOVWF      R0
0x00EC	0x0864      	MOVF       IntToStrWithZeros_tmp_L0+1, 0
0x00ED	0x00F1      	MOVWF      R0+1
0x00EE	0x2077      	CALL       _Div_16X16_U
0x00EF	0x0878      	MOVF       R8, 0
0x00F0	0x00F0      	MOVWF      R0
0x00F1	0x0879      	MOVF       R8+1, 0
0x00F2	0x00F1      	MOVWF      R0+1
0x00F3	0x3030      	MOVLW      48
0x00F4	0x07F0      	ADDWF      R0, 1
0x00F5	0x0865      	MOVF       FLOC__IntToStrWithZeros, 0
0x00F6	0x0084      	MOVWF      FSR
0x00F7	0x0870      	MOVF       R0, 0
0x00F8	0x0080      	MOVWF      INDF
0x00F9	0x03E2      	DECF       IntToStrWithZeros_len_L0, 1
;__Lib_Conversions.c,249 :: 		
0x00FA	0x300A      	MOVLW      10
0x00FB	0x00F4      	MOVWF      R4
0x00FC	0x3000      	MOVLW      0
0x00FD	0x00F5      	MOVWF      R4+1
0x00FE	0x0863      	MOVF       IntToStrWithZeros_tmp_L0, 0
0x00FF	0x00F0      	MOVWF      R0
0x0100	0x0864      	MOVF       IntToStrWithZeros_tmp_L0+1, 0
0x0101	0x00F1      	MOVWF      R0+1
0x0102	0x2077      	CALL       _Div_16X16_U
0x0103	0x0870      	MOVF       R0, 0
0x0104	0x00E3      	MOVWF      IntToStrWithZeros_tmp_L0
0x0105	0x0871      	MOVF       R0+1, 0
0x0106	0x00E4      	MOVWF      IntToStrWithZeros_tmp_L0+1
;__Lib_Conversions.c,250 :: 		
0x0107	0x28DB      	GOTO       L_IntToStrWithZeros49
L_IntToStrWithZeros50:
;__Lib_Conversions.c,252 :: 		
0x0108	0x0861      	MOVF       IntToStrWithZeros_negative_L0, 0
0x0109	0x1903      	BTFSC      STATUS, 2
0x010A	0x290F      	GOTO       L_IntToStrWithZeros51
;__Lib_Conversions.c,253 :: 		
0x010B	0x0860      	MOVF       FARG_IntToStrWithZeros_output, 0
0x010C	0x0084      	MOVWF      FSR
0x010D	0x302D      	MOVLW      45
0x010E	0x0080      	MOVWF      INDF
L_IntToStrWithZeros51:
;__Lib_Conversions.c,254 :: 		
L_end_IntToStrWithZeros:
0x010F	0x0008      	RETURN
; end of _IntToStrWithZeros
_Lcd_Out:
;__Lib_Lcd.c,184 :: 		
;__Lib_Lcd.c,187 :: 		
0x0110	0x2922      	GOTO       L_Lcd_Out11
;__Lib_Lcd.c,188 :: 		
L_Lcd_Out13:
0x0111	0x3080      	MOVLW      128
0x0112	0x1283      	BCF        STATUS, 5
0x0113	0x1303      	BCF        STATUS, 6
0x0114	0x00DE      	MOVWF      FARG_Lcd_Out_row
0x0115	0x2935      	GOTO       L_Lcd_Out12
;__Lib_Lcd.c,189 :: 		
L_Lcd_Out14:
0x0116	0x30C0      	MOVLW      192
0x0117	0x00DE      	MOVWF      FARG_Lcd_Out_row
0x0118	0x2935      	GOTO       L_Lcd_Out12
;__Lib_Lcd.c,190 :: 		
L_Lcd_Out15:
0x0119	0x3094      	MOVLW      148
0x011A	0x00DE      	MOVWF      FARG_Lcd_Out_row
0x011B	0x2935      	GOTO       L_Lcd_Out12
;__Lib_Lcd.c,191 :: 		
L_Lcd_Out16:
0x011C	0x30D4      	MOVLW      212
0x011D	0x00DE      	MOVWF      FARG_Lcd_Out_row
0x011E	0x2935      	GOTO       L_Lcd_Out12
;__Lib_Lcd.c,192 :: 		
L_Lcd_Out17:
0x011F	0x3080      	MOVLW      128
0x0120	0x00DE      	MOVWF      FARG_Lcd_Out_row
;__Lib_Lcd.c,193 :: 		
0x0121	0x2935      	GOTO       L_Lcd_Out12
L_Lcd_Out11:
0x0122	0x1283      	BCF        STATUS, 5
0x0123	0x1303      	BCF        STATUS, 6
0x0124	0x085E      	MOVF       FARG_Lcd_Out_row, 0
0x0125	0x3A01      	XORLW      1
0x0126	0x1903      	BTFSC      STATUS, 2
0x0127	0x2911      	GOTO       L_Lcd_Out13
0x0128	0x085E      	MOVF       FARG_Lcd_Out_row, 0
0x0129	0x3A02      	XORLW      2
0x012A	0x1903      	BTFSC      STATUS, 2
0x012B	0x2916      	GOTO       L_Lcd_Out14
0x012C	0x085E      	MOVF       FARG_Lcd_Out_row, 0
0x012D	0x3A03      	XORLW      3
0x012E	0x1903      	BTFSC      STATUS, 2
0x012F	0x2919      	GOTO       L_Lcd_Out15
0x0130	0x085E      	MOVF       FARG_Lcd_Out_row, 0
0x0131	0x3A04      	XORLW      4
0x0132	0x1903      	BTFSC      STATUS, 2
0x0133	0x291C      	GOTO       L_Lcd_Out16
0x0134	0x291F      	GOTO       L_Lcd_Out17
L_Lcd_Out12:
;__Lib_Lcd.c,194 :: 		
0x0135	0x035F      	DECF       FARG_Lcd_Out_column, 0
0x0136	0x00F0      	MOVWF      R0
0x0137	0x085E      	MOVF       FARG_Lcd_Out_row, 0
0x0138	0x07F0      	ADDWF      R0, 1
0x0139	0x0870      	MOVF       R0, 0
0x013A	0x00DE      	MOVWF      FARG_Lcd_Out_row
;__Lib_Lcd.c,196 :: 		
0x013B	0x0870      	MOVF       R0, 0
0x013C	0x00E7      	MOVWF      FARG_Lcd_Cmd_out_char
0x013D	0x2037      	CALL       _Lcd_Cmd
;__Lib_Lcd.c,197 :: 		
0x013E	0x105C      	BCF        __Lib_Lcd_cmd_status, BitPos(__Lib_Lcd_cmd_status+0)
;__Lib_Lcd.c,198 :: 		
0x013F	0x01E1      	CLRF       Lcd_Out_i_L0
;__Lib_Lcd.c,199 :: 		
L_Lcd_Out18:
0x0140	0x0861      	MOVF       Lcd_Out_i_L0, 0
0x0141	0x0760      	ADDWF      FARG_Lcd_Out_text, 0
0x0142	0x0084      	MOVWF      FSR
0x0143	0x0800      	MOVF       INDF, 0
0x0144	0x1903      	BTFSC      STATUS, 2
0x0145	0x294E      	GOTO       L_Lcd_Out19
;__Lib_Lcd.c,200 :: 		
0x0146	0x0861      	MOVF       Lcd_Out_i_L0, 0
0x0147	0x0760      	ADDWF      FARG_Lcd_Out_text, 0
0x0148	0x0084      	MOVWF      FSR
0x0149	0x0800      	MOVF       INDF, 0
0x014A	0x00E6      	MOVWF      FARG_Lcd_Chr_CP_out_char
0x014B	0x209B      	CALL       _Lcd_Chr_CP
0x014C	0x0AE1      	INCF       Lcd_Out_i_L0, 1
0x014D	0x2940      	GOTO       L_Lcd_Out18
L_Lcd_Out19:
;__Lib_Lcd.c,201 :: 		
0x014E	0x145C      	BSF        __Lib_Lcd_cmd_status, BitPos(__Lib_Lcd_cmd_status+0)
;__Lib_Lcd.c,202 :: 		
L_end_Lcd_Out:
0x014F	0x0008      	RETURN
; end of _Lcd_Out
_initialize_Interrupt:
;MyProject.c,16 :: 		void initialize_Interrupt(void){
;MyProject.c,17 :: 		TMR0IE_bit=1; // Enable timer 0 interrupt
0x0150	0x168B      	BSF        TMR0IE_bit, BitPos(TMR0IE_bit+0)
;MyProject.c,18 :: 		GIE_bit=1; //Enable Global Interrupt
0x0151	0x178B      	BSF        GIE_bit, BitPos(GIE_bit+0)
;MyProject.c,19 :: 		INTE_bit=1; //Enable ext interrupts
0x0152	0x160B      	BSF        INTE_bit, BitPos(INTE_bit+0)
;MyProject.c,20 :: 		T0CS_bit=0; // Select f/4 clock for the TMR0
0x0153	0x1683      	BSF        STATUS, 5
0x0154	0x1303      	BCF        STATUS, 6
0x0155	0x1281      	BCF        T0CS_bit, BitPos(T0CS_bit+0)
;MyProject.c,21 :: 		PSA_bit=0; // Prescaler is assigned to the Timer0 module
0x0156	0x1181      	BCF        PSA_bit, BitPos(PSA_bit+0)
;MyProject.c,22 :: 		PS0_bit=0; // Set pre-scaler to 8
0x0157	0x1001      	BCF        PS0_bit, BitPos(PS0_bit+0)
;MyProject.c,23 :: 		PS1_bit=1; // PS2,PS1,PS0 = 010
0x0158	0x1481      	BSF        PS1_bit, BitPos(PS1_bit+0)
;MyProject.c,24 :: 		PS2_bit=0; //
0x0159	0x1101      	BCF        PS2_bit, BitPos(PS2_bit+0)
;MyProject.c,25 :: 		TMR0=6; //counter starting value
0x015A	0x3006      	MOVLW      6
0x015B	0x1283      	BCF        STATUS, 5
0x015C	0x0081      	MOVWF      TMR0
;MyProject.c,26 :: 		}
L_end_initialize_Interrupt:
0x015D	0x0008      	RETURN
; end of _initialize_Interrupt
_Lcd_Init:
;__Lib_Lcd.c,84 :: 		
;__Lib_Lcd.c,86 :: 		
0x015E	0x1683      	BSF        STATUS, 5
0x015F	0x1303      	BCF        STATUS, 6
0x0160	0x1287      	BCF        LCD_EN_Direction, BitPos(LCD_EN_Direction+0)
;__Lib_Lcd.c,87 :: 		
0x0161	0x1207      	BCF        LCD_RS_Direction, BitPos(LCD_RS_Direction+0)
;__Lib_Lcd.c,88 :: 		
0x0162	0x1007      	BCF        LCD_D4_Direction, BitPos(LCD_D4_Direction+0)
;__Lib_Lcd.c,89 :: 		
0x0163	0x1087      	BCF        LCD_D5_Direction, BitPos(LCD_D5_Direction+0)
;__Lib_Lcd.c,90 :: 		
0x0164	0x1107      	BCF        LCD_D6_Direction, BitPos(LCD_D6_Direction+0)
;__Lib_Lcd.c,91 :: 		
0x0165	0x1187      	BCF        LCD_D7_Direction, BitPos(LCD_D7_Direction+0)
;__Lib_Lcd.c,93 :: 		
0x0166	0x1283      	BCF        STATUS, 5
0x0167	0x1287      	BCF        LCD_EN, BitPos(LCD_EN+0)
;__Lib_Lcd.c,94 :: 		
0x0168	0x1207      	BCF        LCD_RS, BitPos(LCD_RS+0)
;__Lib_Lcd.c,95 :: 		
0x0169	0x1187      	BCF        LCD_D7, BitPos(LCD_D7+0)
;__Lib_Lcd.c,96 :: 		
0x016A	0x1107      	BCF        LCD_D6, BitPos(LCD_D6+0)
;__Lib_Lcd.c,97 :: 		
0x016B	0x1087      	BCF        LCD_D5, BitPos(LCD_D5+0)
;__Lib_Lcd.c,98 :: 		
0x016C	0x1007      	BCF        LCD_D4, BitPos(LCD_D4+0)
;__Lib_Lcd.c,100 :: 		
0x016D	0x202C      	CALL       _Delay_5500us
;__Lib_Lcd.c,101 :: 		
0x016E	0x202C      	CALL       _Delay_5500us
;__Lib_Lcd.c,102 :: 		
0x016F	0x202C      	CALL       _Delay_5500us
;__Lib_Lcd.c,105 :: 		
0x0170	0x1487      	BSF        LCD_D5, BitPos(LCD_D5+0)
;__Lib_Lcd.c,106 :: 		
0x0171	0x1407      	BSF        LCD_D4, BitPos(LCD_D4+0)
;__Lib_Lcd.c,107 :: 		
0x0172	0x1687      	BSF        LCD_EN, BitPos(LCD_EN+0)
;__Lib_Lcd.c,108 :: 		
0x0173	0x201F      	CALL       _Delay_1us
;__Lib_Lcd.c,109 :: 		
0x0174	0x1287      	BCF        LCD_EN, BitPos(LCD_EN+0)
;__Lib_Lcd.c,110 :: 		
0x0175	0x202C      	CALL       _Delay_5500us
;__Lib_Lcd.c,112 :: 		
0x0176	0x1687      	BSF        LCD_EN, BitPos(LCD_EN+0)
;__Lib_Lcd.c,113 :: 		
0x0177	0x201F      	CALL       _Delay_1us
;__Lib_Lcd.c,114 :: 		
0x0178	0x1287      	BCF        LCD_EN, BitPos(LCD_EN+0)
;__Lib_Lcd.c,115 :: 		
0x0179	0x202C      	CALL       _Delay_5500us
;__Lib_Lcd.c,117 :: 		
0x017A	0x1687      	BSF        LCD_EN, BitPos(LCD_EN+0)
;__Lib_Lcd.c,118 :: 		
0x017B	0x201F      	CALL       _Delay_1us
;__Lib_Lcd.c,119 :: 		
0x017C	0x1287      	BCF        LCD_EN, BitPos(LCD_EN+0)
;__Lib_Lcd.c,120 :: 		
0x017D	0x202C      	CALL       _Delay_5500us
;__Lib_Lcd.c,123 :: 		
0x017E	0x1007      	BCF        LCD_D4, BitPos(LCD_D4+0)
;__Lib_Lcd.c,124 :: 		
0x017F	0x1687      	BSF        LCD_EN, BitPos(LCD_EN+0)
;__Lib_Lcd.c,125 :: 		
0x0180	0x201F      	CALL       _Delay_1us
;__Lib_Lcd.c,126 :: 		
0x0181	0x1287      	BCF        LCD_EN, BitPos(LCD_EN+0)
;__Lib_Lcd.c,127 :: 		
0x0182	0x202C      	CALL       _Delay_5500us
;__Lib_Lcd.c,130 :: 		
0x0183	0x1687      	BSF        LCD_EN, BitPos(LCD_EN+0)
;__Lib_Lcd.c,131 :: 		
0x0184	0x201F      	CALL       _Delay_1us
;__Lib_Lcd.c,132 :: 		
0x0185	0x1287      	BCF        LCD_EN, BitPos(LCD_EN+0)
;__Lib_Lcd.c,134 :: 		
0x0186	0x1087      	BCF        LCD_D5, BitPos(LCD_D5+0)
;__Lib_Lcd.c,135 :: 		
0x0187	0x1587      	BSF        LCD_D7, BitPos(LCD_D7+0)
;__Lib_Lcd.c,136 :: 		
0x0188	0x1687      	BSF        LCD_EN, BitPos(LCD_EN+0)
;__Lib_Lcd.c,137 :: 		
0x0189	0x201F      	CALL       _Delay_1us
;__Lib_Lcd.c,138 :: 		
0x018A	0x1287      	BCF        LCD_EN, BitPos(LCD_EN+0)
;__Lib_Lcd.c,139 :: 		
0x018B	0x202C      	CALL       _Delay_5500us
;__Lib_Lcd.c,142 :: 		
0x018C	0x1187      	BCF        LCD_D7, BitPos(LCD_D7+0)
;__Lib_Lcd.c,143 :: 		
0x018D	0x1407      	BSF        LCD_D4, BitPos(LCD_D4+0)
;__Lib_Lcd.c,144 :: 		
0x018E	0x1687      	BSF        LCD_EN, BitPos(LCD_EN+0)
;__Lib_Lcd.c,145 :: 		
0x018F	0x201F      	CALL       _Delay_1us
;__Lib_Lcd.c,146 :: 		
0x0190	0x1287      	BCF        LCD_EN, BitPos(LCD_EN+0)
;__Lib_Lcd.c,148 :: 		
0x0191	0x1007      	BCF        LCD_D4, BitPos(LCD_D4+0)
;__Lib_Lcd.c,149 :: 		
0x0192	0x1687      	BSF        LCD_EN, BitPos(LCD_EN+0)
;__Lib_Lcd.c,150 :: 		
0x0193	0x201F      	CALL       _Delay_1us
;__Lib_Lcd.c,151 :: 		
0x0194	0x1287      	BCF        LCD_EN, BitPos(LCD_EN+0)
;__Lib_Lcd.c,152 :: 		
0x0195	0x202C      	CALL       _Delay_5500us
;__Lib_Lcd.c,155 :: 		
0x0196	0x1687      	BSF        LCD_EN, BitPos(LCD_EN+0)
;__Lib_Lcd.c,156 :: 		
0x0197	0x201F      	CALL       _Delay_1us
;__Lib_Lcd.c,157 :: 		
0x0198	0x1287      	BCF        LCD_EN, BitPos(LCD_EN+0)
;__Lib_Lcd.c,159 :: 		
0x0199	0x1407      	BSF        LCD_D4, BitPos(LCD_D4+0)
;__Lib_Lcd.c,160 :: 		
0x019A	0x1687      	BSF        LCD_EN, BitPos(LCD_EN+0)
;__Lib_Lcd.c,161 :: 		
0x019B	0x201F      	CALL       _Delay_1us
;__Lib_Lcd.c,162 :: 		
0x019C	0x1287      	BCF        LCD_EN, BitPos(LCD_EN+0)
;__Lib_Lcd.c,163 :: 		
0x019D	0x202C      	CALL       _Delay_5500us
;__Lib_Lcd.c,166 :: 		
0x019E	0x1007      	BCF        LCD_D4, BitPos(LCD_D4+0)
;__Lib_Lcd.c,167 :: 		
0x019F	0x1687      	BSF        LCD_EN, BitPos(LCD_EN+0)
;__Lib_Lcd.c,168 :: 		
0x01A0	0x201F      	CALL       _Delay_1us
;__Lib_Lcd.c,169 :: 		
0x01A1	0x1287      	BCF        LCD_EN, BitPos(LCD_EN+0)
;__Lib_Lcd.c,171 :: 		
0x01A2	0x1587      	BSF        LCD_D7, BitPos(LCD_D7+0)
;__Lib_Lcd.c,172 :: 		
0x01A3	0x1507      	BSF        LCD_D6, BitPos(LCD_D6+0)
;__Lib_Lcd.c,173 :: 		
0x01A4	0x1487      	BSF        LCD_D5, BitPos(LCD_D5+0)
;__Lib_Lcd.c,174 :: 		
0x01A5	0x1407      	BSF        LCD_D4, BitPos(LCD_D4+0)
;__Lib_Lcd.c,175 :: 		
0x01A6	0x1687      	BSF        LCD_EN, BitPos(LCD_EN+0)
;__Lib_Lcd.c,176 :: 		
0x01A7	0x201F      	CALL       _Delay_1us
;__Lib_Lcd.c,177 :: 		
0x01A8	0x1287      	BCF        LCD_EN, BitPos(LCD_EN+0)
;__Lib_Lcd.c,179 :: 		
0x01A9	0x202C      	CALL       _Delay_5500us
;__Lib_Lcd.c,181 :: 		
0x01AA	0x145C      	BSF        __Lib_Lcd_cmd_status, BitPos(__Lib_Lcd_cmd_status+0)
;__Lib_Lcd.c,182 :: 		
L_end_Lcd_Init:
0x01AB	0x0008      	RETURN
; end of _Lcd_Init
___CC2DW:
;__Lib_System.c,134 :: 		
;__Lib_System.c,137 :: 		
_CC2D_Loop1:
;__Lib_System.c,139 :: 		
0x01AC	0x2094      	CALL       _____DoICP
0x01AD	0x118A      	BCF        PCLATH, 3
0x01AE	0x120A      	BCF        PCLATH, 4
;__Lib_System.c,141 :: 		
0x01AF	0x0080      	MOVWF      INDF
;__Lib_System.c,142 :: 		
0x01B0	0x0A84      	INCF       FSR, 1
;__Lib_System.c,143 :: 		
0x01B1	0x0AD9      	INCF       ___DoICPAddr, 1
;__Lib_System.c,145 :: 		
0x01B2	0x1903      	BTFSC      STATUS, 2
;__Lib_System.c,146 :: 		
0x01B3	0x0ADA      	INCF       ___DoICPAddr+1, 1
;__Lib_System.c,147 :: 		
0x01B4	0x03F0      	DECF       R0, 1
;__Lib_System.c,149 :: 		
0x01B5	0x1D03      	BTFSS      STATUS, 2
;__Lib_System.c,150 :: 		
0x01B6	0x29AC      	GOTO       _CC2D_Loop1
;__Lib_System.c,152 :: 		
L_end___CC2DW:
0x01B7	0x0008      	RETURN
; end of ___CC2DW
_main:
0x01B8	0x224A      	CALL       586
;MyProject.c,27 :: 		void main() {
;MyProject.c,28 :: 		Lcd_Init(); // Initiate the LCD
0x01B9	0x215E      	CALL       _Lcd_Init
;MyProject.c,29 :: 		Lcd_Cmd(_LCD_CURSOR_OFF); // Stop the cursor
0x01BA	0x300C      	MOVLW      12
0x01BB	0x00E7      	MOVWF      FARG_Lcd_Cmd_out_char
0x01BC	0x2037      	CALL       _Lcd_Cmd
;MyProject.c,30 :: 		Lcd_Out(1,1,"Elapesed Time:"); // Show elapsed time message
0x01BD	0x3001      	MOVLW      1
0x01BE	0x00DE      	MOVWF      FARG_Lcd_Out_row
0x01BF	0x3001      	MOVLW      1
0x01C0	0x00DF      	MOVWF      FARG_Lcd_Out_column
0x01C1	0x3020      	MOVLW      ?lstr1_MyProject
0x01C2	0x00E0      	MOVWF      FARG_Lcd_Out_text
0x01C3	0x2110      	CALL       _Lcd_Out
;MyProject.c,31 :: 		initialize_Interrupt(); // invoke interrupt initialization function
0x01C4	0x2150      	CALL       _initialize_Interrupt
;MyProject.c,32 :: 		TRISD.B0=0; // This pin is set as output
0x01C5	0x1683      	BSF        STATUS, 5
0x01C6	0x1008      	BCF        TRISD, 0
;MyProject.c,33 :: 		TRISB.B0=1; //this pin is set as input
0x01C7	0x1406      	BSF        TRISB, 0
;MyProject.c,34 :: 		PORTD.B0=0; //Turn off the motor
0x01C8	0x1283      	BCF        STATUS, 5
0x01C9	0x1008      	BCF        PORTD, 0
;MyProject.c,35 :: 		while(1){
L_main0:
;MyProject.c,36 :: 		if(flag==0){
0x01CA	0x082F      	MOVF       _flag, 0
0x01CB	0x3A00      	XORLW      0
0x01CC	0x1D03      	BTFSS      STATUS, 2
0x01CD	0x29EB      	GOTO       L_main2
;MyProject.c,37 :: 		PORTD.B0=0; //Turn off the motor
0x01CE	0x1008      	BCF        PORTD, 0
;MyProject.c,39 :: 		if(counter==500){ // check if the counter reaches 125
0x01CF	0x0831      	MOVF       _counter+1, 0
0x01D0	0x3A01      	XORLW      1
0x01D1	0x1D03      	BTFSS      STATUS, 2
0x01D2	0x29D5      	GOTO       L__main11
0x01D3	0x30F4      	MOVLW      244
0x01D4	0x0630      	XORWF      _counter, 0
L__main11:
0x01D5	0x1D03      	BTFSS      STATUS, 2
0x01D6	0x29EA      	GOTO       L_main3
;MyProject.c,40 :: 		counter=0; // start counter from the beginning
0x01D7	0x01B0      	CLRF       _counter
0x01D8	0x01B1      	CLRF       _counter+1
;MyProject.c,41 :: 		time=time++; // increase time one second
0x01D9	0x0AD7      	INCF       _time, 1
0x01DA	0x1903      	BTFSC      STATUS, 2
0x01DB	0x0AD8      	INCF       _time+1, 1
;MyProject.c,42 :: 		IntToStrWithZeros(time, txt); // convert the number of seconds to string
0x01DC	0x0857      	MOVF       _time, 0
0x01DD	0x00DE      	MOVWF      FARG_IntToStrWithZeros_input
0x01DE	0x0858      	MOVF       _time+1, 0
0x01DF	0x00DF      	MOVWF      FARG_IntToStrWithZeros_input+1
0x01E0	0x3050      	MOVLW      _txt
0x01E1	0x00E0      	MOVWF      FARG_IntToStrWithZeros_output
0x01E2	0x20A3      	CALL       _IntToStrWithZeros
;MyProject.c,43 :: 		Lcd_Out(2,1,txt); // display the number of seconds
0x01E3	0x3002      	MOVLW      2
0x01E4	0x00DE      	MOVWF      FARG_Lcd_Out_row
0x01E5	0x3001      	MOVLW      1
0x01E6	0x00DF      	MOVWF      FARG_Lcd_Out_column
0x01E7	0x3050      	MOVLW      _txt
0x01E8	0x00E0      	MOVWF      FARG_Lcd_Out_text
0x01E9	0x2110      	CALL       _Lcd_Out
;MyProject.c,44 :: 		}
L_main3:
;MyProject.c,45 :: 		}
0x01EA	0x2A13      	GOTO       L_main4
L_main2:
;MyProject.c,46 :: 		else if(flag==1){
0x01EB	0x082F      	MOVF       _flag, 0
0x01EC	0x3A01      	XORLW      1
0x01ED	0x1D03      	BTFSS      STATUS, 2
0x01EE	0x2A13      	GOTO       L_main5
;MyProject.c,47 :: 		PORTD.B0=1;
0x01EF	0x1408      	BSF        PORTD, 0
;MyProject.c,48 :: 		time=0;
0x01F0	0x01D7      	CLRF       _time
0x01F1	0x01D8      	CLRF       _time+1
;MyProject.c,49 :: 		Lcd_Out(1,1,"Fan IS On:    ");
0x01F2	0x3001      	MOVLW      1
0x01F3	0x00DE      	MOVWF      FARG_Lcd_Out_row
0x01F4	0x3001      	MOVLW      1
0x01F5	0x00DF      	MOVWF      FARG_Lcd_Out_column
0x01F6	0x3032      	MOVLW      ?lstr2_MyProject
0x01F7	0x00E0      	MOVWF      FARG_Lcd_Out_text
0x01F8	0x2110      	CALL       _Lcd_Out
;MyProject.c,50 :: 		IntToStrWithZeros(time, txt); // convert the number of seconds to string
0x01F9	0x0857      	MOVF       _time, 0
0x01FA	0x00DE      	MOVWF      FARG_IntToStrWithZeros_input
0x01FB	0x0858      	MOVF       _time+1, 0
0x01FC	0x00DF      	MOVWF      FARG_IntToStrWithZeros_input+1
0x01FD	0x3050      	MOVLW      _txt
0x01FE	0x00E0      	MOVWF      FARG_IntToStrWithZeros_output
0x01FF	0x20A3      	CALL       _IntToStrWithZeros
;MyProject.c,51 :: 		Lcd_Out(2,1,txt); // display the number of seconds
0x0200	0x3002      	MOVLW      2
0x0201	0x00DE      	MOVWF      FARG_Lcd_Out_row
0x0202	0x3001      	MOVLW      1
0x0203	0x00DF      	MOVWF      FARG_Lcd_Out_column
0x0204	0x3050      	MOVLW      _txt
0x0205	0x00E0      	MOVWF      FARG_Lcd_Out_text
0x0206	0x2110      	CALL       _Lcd_Out
;MyProject.c,52 :: 		if(PORTB.B0==0)
0x0207	0x1806      	BTFSC      PORTB, 0
0x0208	0x2A13      	GOTO       L_main6
;MyProject.c,54 :: 		flag=0;
0x0209	0x01AF      	CLRF       _flag
;MyProject.c,55 :: 		counter=0;
0x020A	0x01B0      	CLRF       _counter
0x020B	0x01B1      	CLRF       _counter+1
;MyProject.c,56 :: 		Lcd_Out(1,1,"Elapesed Time:");
0x020C	0x3001      	MOVLW      1
0x020D	0x00DE      	MOVWF      FARG_Lcd_Out_row
0x020E	0x3001      	MOVLW      1
0x020F	0x00DF      	MOVWF      FARG_Lcd_Out_column
0x0210	0x3041      	MOVLW      ?lstr3_MyProject
0x0211	0x00E0      	MOVWF      FARG_Lcd_Out_text
0x0212	0x2110      	CALL       _Lcd_Out
;MyProject.c,57 :: 		}
L_main6:
;MyProject.c,58 :: 		}
L_main5:
L_main4:
;MyProject.c,59 :: 		}
0x0213	0x29CA      	GOTO       L_main0
;MyProject.c,60 :: 		}
L_end_main:
0x0214	0x2A14      	GOTO       $+0
; end of _main
0x024A	0x3020      	MOVLW      32
0x024B	0x0084      	MOVWF      FSR
0x024C	0x3030      	MOVLW      48
0x024D	0x1283      	BCF        STATUS, 5
0x024E	0x1303      	BCF        STATUS, 6
0x024F	0x00F0      	MOVWF      R0
0x0250	0x301A      	MOVLW      26
0x0251	0x00D9      	MOVWF      ___DoICPAddr
0x0252	0x3002      	MOVLW      2
0x0253	0x00DA      	MOVWF      90
0x0254	0x21AC      	CALL       428
0x0255	0x0008      	RETURN
;MyProject.c,0 :: ?ICS?lstr1_MyProject
0x021A	0x3445 ;?ICS?lstr1_MyProject+0
0x021B	0x346C ;?ICS?lstr1_MyProject+1
0x021C	0x3461 ;?ICS?lstr1_MyProject+2
0x021D	0x3470 ;?ICS?lstr1_MyProject+3
0x021E	0x3465 ;?ICS?lstr1_MyProject+4
0x021F	0x3473 ;?ICS?lstr1_MyProject+5
0x0220	0x3465 ;?ICS?lstr1_MyProject+6
0x0221	0x3464 ;?ICS?lstr1_MyProject+7
0x0222	0x3420 ;?ICS?lstr1_MyProject+8
0x0223	0x3454 ;?ICS?lstr1_MyProject+9
0x0224	0x3469 ;?ICS?lstr1_MyProject+10
0x0225	0x346D ;?ICS?lstr1_MyProject+11
0x0226	0x3465 ;?ICS?lstr1_MyProject+12
0x0227	0x343A ;?ICS?lstr1_MyProject+13
0x0228	0x3400 ;?ICS?lstr1_MyProject+14
; end of ?ICS?lstr1_MyProject
;MyProject.c,0 :: ?ICS_flag
0x0229	0x3400 ;?ICS_flag+0
; end of ?ICS_flag
;MyProject.c,0 :: ?ICS_counter
0x022A	0x3400 ;?ICS_counter+0
0x022B	0x3400 ;?ICS_counter+1
; end of ?ICS_counter
;MyProject.c,0 :: ?ICS?lstr2_MyProject
0x022C	0x3446 ;?ICS?lstr2_MyProject+0
0x022D	0x3461 ;?ICS?lstr2_MyProject+1
0x022E	0x346E ;?ICS?lstr2_MyProject+2
0x022F	0x3420 ;?ICS?lstr2_MyProject+3
0x0230	0x3449 ;?ICS?lstr2_MyProject+4
0x0231	0x3453 ;?ICS?lstr2_MyProject+5
0x0232	0x3420 ;?ICS?lstr2_MyProject+6
0x0233	0x344F ;?ICS?lstr2_MyProject+7
0x0234	0x346E ;?ICS?lstr2_MyProject+8
0x0235	0x343A ;?ICS?lstr2_MyProject+9
0x0236	0x3420 ;?ICS?lstr2_MyProject+10
0x0237	0x3420 ;?ICS?lstr2_MyProject+11
0x0238	0x3420 ;?ICS?lstr2_MyProject+12
0x0239	0x3420 ;?ICS?lstr2_MyProject+13
0x023A	0x3400 ;?ICS?lstr2_MyProject+14
; end of ?ICS?lstr2_MyProject
;MyProject.c,0 :: ?ICS?lstr3_MyProject
0x023B	0x3445 ;?ICS?lstr3_MyProject+0
0x023C	0x346C ;?ICS?lstr3_MyProject+1
0x023D	0x3461 ;?ICS?lstr3_MyProject+2
0x023E	0x3470 ;?ICS?lstr3_MyProject+3
0x023F	0x3465 ;?ICS?lstr3_MyProject+4
0x0240	0x3473 ;?ICS?lstr3_MyProject+5
0x0241	0x3465 ;?ICS?lstr3_MyProject+6
0x0242	0x3464 ;?ICS?lstr3_MyProject+7
0x0243	0x3420 ;?ICS?lstr3_MyProject+8
0x0244	0x3454 ;?ICS?lstr3_MyProject+9
0x0245	0x3469 ;?ICS?lstr3_MyProject+10
0x0246	0x346D ;?ICS?lstr3_MyProject+11
0x0247	0x3465 ;?ICS?lstr3_MyProject+12
0x0248	0x343A ;?ICS?lstr3_MyProject+13
0x0249	0x3400 ;?ICS?lstr3_MyProject+14
; end of ?ICS?lstr3_MyProject
Symbol List:
//** Routines locations **
//ADDRESS    SIZE    PROCEDURE
//----------------------------------------------
0x0004      [27]    _interrupt
0x001F       [5]    _Delay_1us
0x0024       [8]    _Delay_50us
0x002C      [11]    _Delay_5500us
0x0037      [64]    _Lcd_Cmd
0x0077      [29]    _Div_16X16_U
0x0094       [7]    _____DoICP
0x009B       [8]    _Lcd_Chr_CP
0x00A3     [109]    _IntToStrWithZeros
0x0110      [64]    _Lcd_Out
0x0150      [14]    _initialize_Interrupt
0x015E      [78]    _Lcd_Init
0x01AC      [12]    ___CC2DW
0x01B8      [92]    _main
//** Variables locations ** 
//ADDRESS    SIZE    VARIABLE
//----------------------------------------------
0x0000       [1]    INDF
0x0001       [1]    TMR0
0x0002       [1]    PCL
0x0003       [1]    STATUS
0x0004       [1]    FSR
0x0006       [1]    PORTB
0x0007       [0]    LCD_D7
0x0007       [0]    LCD_D6
0x0007       [0]    RC5_bit
0x0007       [0]    LCD_EN
0x0007       [0]    LCD_RS
0x0007       [0]    RC1_bit
0x0007       [0]    RC2_bit
0x0007       [0]    RC0_bit
0x0007       [0]    LCD_D4
0x0007       [0]    RC4_bit
0x0007       [0]    LCD_D5
0x0007       [0]    RC3_bit
0x0008       [1]    PORTD
0x000A       [1]    PCLATH
0x000B       [1]    INTCON
0x000B       [0]    GIE_bit
0x000B       [0]    INTF_bit
0x000B       [0]    TMR0IE_bit
0x000B       [0]    INTE_bit
0x0020      [15]    ?lstr1_MyProject
0x002F       [1]    _flag
0x0030       [2]    _counter
0x0032      [15]    ?lstr2_MyProject
0x0041      [15]    ?lstr3_MyProject
0x0050       [7]    _txt
0x0057       [2]    _time
0x0059       [2]    ___DoICPAddr
0x005B       [1]    ___savePCLATH
0x005C       [0]    __Lib_Lcd_cmd_status
0x005D       [1]    ___saveSTATUS
0x005E       [1]    FARG_Lcd_Out_row
0x005E       [2]    FARG_IntToStrWithZeros_input
0x005F       [1]    FARG_Lcd_Out_column
0x0060       [1]    FARG_Lcd_Out_text
0x0060       [1]    FARG_IntToStrWithZeros_output
0x0061       [1]    Lcd_Out_i_L0
0x0061       [1]    IntToStrWithZeros_negative_L0
0x0062       [1]    IntToStrWithZeros_len_L0
0x0063       [2]    IntToStrWithZeros_tmp_L0
0x0065       [1]    FLOC__IntToStrWithZeros
0x0066       [1]    FARG_Lcd_Chr_CP_out_char
0x0067       [1]    FARG_Lcd_Cmd_out_char
0x0070       [1]    R0
0x0071       [1]    R1
0x0072       [1]    R2
0x0073       [1]    R3
0x0074       [1]    R4
0x0075       [1]    R5
0x0076       [1]    R6
0x0077       [1]    R7
0x0078       [1]    R8
0x0079       [1]    R9
0x007A       [1]    R10
0x007B       [1]    R11
0x007C       [1]    R12
0x007D       [1]    R13
0x007E       [1]    R14
0x007F       [1]    R15
0x0081       [0]    PS0_bit
0x0081       [0]    PS1_bit
0x0081       [0]    PSA_bit
0x0081       [0]    T0CS_bit
0x0081       [0]    PS2_bit
0x0086       [1]    TRISB
0x0087       [0]    TRISC0_bit
0x0087       [0]    TRISC1_bit
0x0087       [0]    TRISC2_bit
0x0087       [0]    LCD_D7_Direction
0x0087       [0]    LCD_D4_Direction
0x0087       [0]    LCD_D5_Direction
0x0087       [0]    LCD_D6_Direction
0x0087       [0]    LCD_EN_Direction
0x0087       [0]    TRISC5_bit
0x0087       [0]    TRISC4_bit
0x0087       [0]    LCD_RS_Direction
0x0087       [0]    TRISC3_bit
0x0088       [1]    TRISD
//** Constants locations ** 
//ADDRESS    SIZE    CONSTANT
//----------------------------------------------
0x021A      [15]    ?ICS?lstr1_MyProject
0x0229       [1]    ?ICS_flag
0x022A       [2]    ?ICS_counter
0x022C      [15]    ?ICS?lstr2_MyProject
0x023B      [15]    ?ICS?lstr3_MyProject
