;  LST file generated by mikroListExporter - v.2.0 
; Date/Time: 13/05/2023 11:41:50 ã
;----------------------------------------------

;Address Opcode 	ASM
0x0000	0x2868      	GOTO       104
_interrupt:
0x0004	0x00FF      	MOVWF      R15
0x0005	0x0E03      	SWAPF      STATUS, 0
0x0006	0x0183      	CLRF       STATUS
0x0007	0x00AF      	MOVWF      ___saveSTATUS
0x0008	0x080A      	MOVF       PCLATH, 0
0x0009	0x00B0      	MOVWF      ___savePCLATH
0x000A	0x018A      	CLRF       PCLATH
0x000B	0x0870      	MOVF       R0, 0
0x000C	0x00A3      	MOVWF      35
0x000D	0x0871      	MOVF       R1, 0
0x000E	0x00A2      	MOVWF      34
0x000F	0x0872      	MOVF       R2, 0
0x0010	0x00A1      	MOVWF      33
0x0011	0x0873      	MOVF       R3, 0
0x0012	0x00A0      	MOVWF      32
;MyProject.c,49 :: 		void interrupt() { // Interrupt handler
;MyProject.c,50 :: 		if(INTF_bit==1){ //EXT int flag
0x0013	0x1C8B      	BTFSS      INTF_bit, BitPos(INTF_bit+0)
0x0014	0x281C      	GOTO       L_interrupt7
;MyProject.c,51 :: 		flag=1;
0x0015	0x3001      	MOVLW      1
0x0016	0x00A4      	MOVWF      _flag
;MyProject.c,52 :: 		INTF_bit=0;                //reset the int flag
0x0017	0x108B      	BCF        INTF_bit, BitPos(INTF_bit+0)
;MyProject.c,53 :: 		time=0;
0x0018	0x01A9      	CLRF       _time
0x0019	0x01AA      	CLRF       _time+1
0x001A	0x01AB      	CLRF       _time+2
0x001B	0x01AC      	CLRF       _time+3
;MyProject.c,54 :: 		}
L_interrupt7:
;MyProject.c,55 :: 		if (INTCON.TMR0IF==1) { // check for timer 0 interrupt flag
0x001C	0x1D0B      	BTFSS      INTCON, 2
0x001D	0x2838      	GOTO       L_interrupt8
;MyProject.c,56 :: 		counter++; // increment 1 every interrupt
0x001E	0x0825      	MOVF       _counter, 0
0x001F	0x00F0      	MOVWF      R0
0x0020	0x0826      	MOVF       _counter+1, 0
0x0021	0x00F1      	MOVWF      R0+1
0x0022	0x0827      	MOVF       _counter+2, 0
0x0023	0x00F2      	MOVWF      R0+2
0x0024	0x0828      	MOVF       _counter+3, 0
0x0025	0x00F3      	MOVWF      R0+3
0x0026	0x0AF0      	INCF       R0, 1
0x0027	0x1903      	BTFSC      STATUS, 2
0x0028	0x0AF1      	INCF       R0+1, 1
0x0029	0x1903      	BTFSC      STATUS, 2
0x002A	0x0AF2      	INCF       R0+2, 1
0x002B	0x1903      	BTFSC      STATUS, 2
0x002C	0x0AF3      	INCF       R0+3, 1
0x002D	0x0870      	MOVF       R0, 0
0x002E	0x00A5      	MOVWF      _counter
0x002F	0x0871      	MOVF       R0+1, 0
0x0030	0x00A6      	MOVWF      _counter+1
0x0031	0x0872      	MOVF       R0+2, 0
0x0032	0x00A7      	MOVWF      _counter+2
0x0033	0x0873      	MOVF       R0+3, 0
0x0034	0x00A8      	MOVWF      _counter+3
;MyProject.c,57 :: 		INTCON.TMR0IF=0; // reset the TMR0IF flag
0x0035	0x110B      	BCF        INTCON, 2
;MyProject.c,58 :: 		TMR0=6; // store 6 in the TMR0 register
0x0036	0x3006      	MOVLW      6
0x0037	0x0081      	MOVWF      TMR0
;MyProject.c,59 :: 		}
L_interrupt8:
;MyProject.c,61 :: 		}
L_end_interrupt:
L__interrupt14:
0x0038	0x0823      	MOVF       35, 0
0x0039	0x00F0      	MOVWF      R0
0x003A	0x0822      	MOVF       34, 0
0x003B	0x00F1      	MOVWF      R1
0x003C	0x0821      	MOVF       33, 0
0x003D	0x00F2      	MOVWF      R2
0x003E	0x0820      	MOVF       32, 0
0x003F	0x00F3      	MOVWF      R3
0x0040	0x0830      	MOVF       ___savePCLATH, 0
0x0041	0x008A      	MOVWF      PCLATH
0x0042	0x0E2F      	SWAPF      ___saveSTATUS, 0
0x0043	0x0083      	MOVWF      STATUS
0x0044	0x0EFF      	SWAPF      R15, 1
0x0045	0x0E7F      	SWAPF      R15, 0
0x0046	0x0009      	RETFIE
; end of _interrupt
_____DoICP:
;__Lib_System.c,6 :: 		
;__Lib_System.c,9 :: 		
0x0047	0x1283      	BCF        STATUS, 5
0x0048	0x1303      	BCF        STATUS, 6
0x0049	0x082E      	MOVF       ___DoICPAddr+1, 0
0x004A	0x008A      	MOVWF      PCLATH
;__Lib_System.c,10 :: 		
0x004B	0x082D      	MOVF       ___DoICPAddr, 0
0x004C	0x0082      	MOVWF      PCL
;__Lib_System.c,12 :: 		
L_end_____DoICP:
0x004D	0x0008      	RETURN
; end of _____DoICP
___CC2DW:
;__Lib_System.c,134 :: 		
;__Lib_System.c,137 :: 		
_CC2D_Loop1:
;__Lib_System.c,139 :: 		
0x004E	0x2047      	CALL       _____DoICP
0x004F	0x118A      	BCF        PCLATH, 3
0x0050	0x120A      	BCF        PCLATH, 4
;__Lib_System.c,141 :: 		
0x0051	0x0080      	MOVWF      INDF
;__Lib_System.c,142 :: 		
0x0052	0x0A84      	INCF       FSR, 1
;__Lib_System.c,143 :: 		
0x0053	0x0AAD      	INCF       ___DoICPAddr, 1
;__Lib_System.c,145 :: 		
0x0054	0x1903      	BTFSC      STATUS, 2
;__Lib_System.c,146 :: 		
0x0055	0x0AAE      	INCF       ___DoICPAddr+1, 1
;__Lib_System.c,147 :: 		
0x0056	0x03F0      	DECF       R0, 1
;__Lib_System.c,149 :: 		
0x0057	0x1D03      	BTFSS      STATUS, 2
;__Lib_System.c,150 :: 		
0x0058	0x284E      	GOTO       _CC2D_Loop1
;__Lib_System.c,152 :: 		
L_end___CC2DW:
0x0059	0x0008      	RETURN
; end of ___CC2DW
_initialize_Interrupt:
;MyProject.c,3 :: 		void initialize_Interrupt(void){
;MyProject.c,4 :: 		TMR0IE_bit=1; // Enable timer 0 interrupt
0x005A	0x168B      	BSF        TMR0IE_bit, BitPos(TMR0IE_bit+0)
;MyProject.c,5 :: 		GIE_bit=1; //Enable Global Interrupt
0x005B	0x178B      	BSF        GIE_bit, BitPos(GIE_bit+0)
;MyProject.c,6 :: 		INTE_bit=1; //Enable ext interrupts
0x005C	0x160B      	BSF        INTE_bit, BitPos(INTE_bit+0)
;MyProject.c,7 :: 		T0CS_bit=0; // Select f/4 clock for the TMR0
0x005D	0x1683      	BSF        STATUS, 5
0x005E	0x1303      	BCF        STATUS, 6
0x005F	0x1281      	BCF        T0CS_bit, BitPos(T0CS_bit+0)
;MyProject.c,8 :: 		PSA_bit=0; // Prescaler is assigned to the Timer0 module
0x0060	0x1181      	BCF        PSA_bit, BitPos(PSA_bit+0)
;MyProject.c,9 :: 		PS0_bit=0; // Set pre-scaler to 8
0x0061	0x1001      	BCF        PS0_bit, BitPos(PS0_bit+0)
;MyProject.c,10 :: 		PS1_bit=1; // PS2,PS1,PS0 = 010
0x0062	0x1481      	BSF        PS1_bit, BitPos(PS1_bit+0)
;MyProject.c,11 :: 		PS2_bit=0; //
0x0063	0x1101      	BCF        PS2_bit, BitPos(PS2_bit+0)
;MyProject.c,12 :: 		TMR0=6; //counter starting value
0x0064	0x3006      	MOVLW      6
0x0065	0x1283      	BCF        STATUS, 5
0x0066	0x0081      	MOVWF      TMR0
;MyProject.c,13 :: 		}
L_end_initialize_Interrupt:
0x0067	0x0008      	RETURN
; end of _initialize_Interrupt
_main:
0x0068	0x1283      	BCF        STATUS, 5
0x0069	0x1303      	BCF        STATUS, 6
0x006A	0x01A4      	CLRF       _flag
0x006B	0x01A5      	CLRF       _counter
0x006C	0x01A6      	CLRF       38
0x006D	0x01A7      	CLRF       39
0x006E	0x01A8      	CLRF       40
;MyProject.c,14 :: 		void main() {
;MyProject.c,15 :: 		initialize_Interrupt(); // invoke interrupt initialization function
0x006F	0x205A      	CALL       _initialize_Interrupt
;MyProject.c,16 :: 		TRISD.B0=0; // This pin is set as output
0x0070	0x1683      	BSF        STATUS, 5
0x0071	0x1008      	BCF        TRISD, 0
;MyProject.c,17 :: 		TRISD.B1=0; // This pin is set as output
0x0072	0x1088      	BCF        TRISD, 1
;MyProject.c,18 :: 		PORTD.B1=0; //this pin reset to 0
0x0073	0x1283      	BCF        STATUS, 5
0x0074	0x1088      	BCF        PORTD, 1
;MyProject.c,19 :: 		while(1){
L_main0:
;MyProject.c,20 :: 		if(flag==0){
0x0075	0x0824      	MOVF       _flag, 0
0x0076	0x3A00      	XORLW      0
0x0077	0x1D03      	BTFSS      STATUS, 2
0x0078	0x28A8      	GOTO       L_main2
;MyProject.c,21 :: 		if(counter==500){ // check if the counter reaches 125
0x0079	0x3000      	MOVLW      0
0x007A	0x00F0      	MOVWF      R0
0x007B	0x0628      	XORWF      _counter+3, 0
0x007C	0x1D03      	BTFSS      STATUS, 2
0x007D	0x2888      	GOTO       L__main11
0x007E	0x0870      	MOVF       R0, 0
0x007F	0x0627      	XORWF      _counter+2, 0
0x0080	0x1D03      	BTFSS      STATUS, 2
0x0081	0x2888      	GOTO       L__main11
0x0082	0x3001      	MOVLW      1
0x0083	0x0626      	XORWF      _counter+1, 0
0x0084	0x1D03      	BTFSS      STATUS, 2
0x0085	0x2888      	GOTO       L__main11
0x0086	0x0825      	MOVF       _counter, 0
0x0087	0x3AF4      	XORLW      244
L__main11:
0x0088	0x1D03      	BTFSS      STATUS, 2
0x0089	0x28A7      	GOTO       L_main3
;MyProject.c,22 :: 		counter=0; // start counter from the beginning
0x008A	0x01A5      	CLRF       _counter
0x008B	0x01A6      	CLRF       _counter+1
0x008C	0x01A7      	CLRF       _counter+2
0x008D	0x01A8      	CLRF       _counter+3
;MyProject.c,23 :: 		time=time++; // increase time one second
0x008E	0x0829      	MOVF       _time, 0
0x008F	0x00F0      	MOVWF      R0
0x0090	0x082A      	MOVF       _time+1, 0
0x0091	0x00F1      	MOVWF      R0+1
0x0092	0x082B      	MOVF       _time+2, 0
0x0093	0x00F2      	MOVWF      R0+2
0x0094	0x082C      	MOVF       _time+3, 0
0x0095	0x00F3      	MOVWF      R0+3
0x0096	0x0AF0      	INCF       R0, 1
0x0097	0x1903      	BTFSC      STATUS, 2
0x0098	0x0AF1      	INCF       R0+1, 1
0x0099	0x1903      	BTFSC      STATUS, 2
0x009A	0x0AF2      	INCF       R0+2, 1
0x009B	0x1903      	BTFSC      STATUS, 2
0x009C	0x0AF3      	INCF       R0+3, 1
0x009D	0x0870      	MOVF       R0, 0
0x009E	0x00A9      	MOVWF      _time
0x009F	0x0871      	MOVF       R0+1, 0
0x00A0	0x00AA      	MOVWF      _time+1
0x00A1	0x0872      	MOVF       R0+2, 0
0x00A2	0x00AB      	MOVWF      _time+2
0x00A3	0x0873      	MOVF       R0+3, 0
0x00A4	0x00AC      	MOVWF      _time+3
;MyProject.c,24 :: 		PORTD.B0=1;       //set this pin as 1
0x00A5	0x1408      	BSF        PORTD, 0
;MyProject.c,26 :: 		PORTD.B0=0;       //set it as 0
0x00A6	0x1008      	BCF        PORTD, 0
;MyProject.c,27 :: 		}
L_main3:
;MyProject.c,28 :: 		}
0x00A7	0x28CC      	GOTO       L_main4
L_main2:
;MyProject.c,29 :: 		else if(flag==1)
0x00A8	0x0824      	MOVF       _flag, 0
0x00A9	0x3A01      	XORLW      1
0x00AA	0x1D03      	BTFSS      STATUS, 2
0x00AB	0x28CC      	GOTO       L_main5
;MyProject.c,31 :: 		PORTD.B0=1;       //set this pin as 1
0x00AC	0x1408      	BSF        PORTD, 0
;MyProject.c,33 :: 		PORTD.B0=0;       //set it as 0
0x00AD	0x1008      	BCF        PORTD, 0
;MyProject.c,34 :: 		PORTD.B1=1; //this pin set to 1
0x00AE	0x1488      	BSF        PORTD, 1
;MyProject.c,35 :: 		if(time==15)
0x00AF	0x3000      	MOVLW      0
0x00B0	0x00F0      	MOVWF      R0
0x00B1	0x062C      	XORWF      _time+3, 0
0x00B2	0x1D03      	BTFSS      STATUS, 2
0x00B3	0x28BE      	GOTO       L__main12
0x00B4	0x0870      	MOVF       R0, 0
0x00B5	0x062B      	XORWF      _time+2, 0
0x00B6	0x1D03      	BTFSS      STATUS, 2
0x00B7	0x28BE      	GOTO       L__main12
0x00B8	0x0870      	MOVF       R0, 0
0x00B9	0x062A      	XORWF      _time+1, 0
0x00BA	0x1D03      	BTFSS      STATUS, 2
0x00BB	0x28BE      	GOTO       L__main12
0x00BC	0x0829      	MOVF       _time, 0
0x00BD	0x3A0F      	XORLW      15
L__main12:
0x00BE	0x1D03      	BTFSS      STATUS, 2
0x00BF	0x28CC      	GOTO       L_main6
;MyProject.c,37 :: 		flag=0;
0x00C0	0x01A4      	CLRF       _flag
;MyProject.c,38 :: 		time=0;
0x00C1	0x01A9      	CLRF       _time
0x00C2	0x01AA      	CLRF       _time+1
0x00C3	0x01AB      	CLRF       _time+2
0x00C4	0x01AC      	CLRF       _time+3
;MyProject.c,39 :: 		counter=0;
0x00C5	0x01A5      	CLRF       _counter
0x00C6	0x01A6      	CLRF       _counter+1
0x00C7	0x01A7      	CLRF       _counter+2
0x00C8	0x01A8      	CLRF       _counter+3
;MyProject.c,40 :: 		PORTD.B1=1;       //set this pin as 1
0x00C9	0x1488      	BSF        PORTD, 1
;MyProject.c,42 :: 		PORTD.B0=0;       //set it as 0
0x00CA	0x1008      	BCF        PORTD, 0
;MyProject.c,43 :: 		PORTD.B1=0; //this pin reset to 0
0x00CB	0x1088      	BCF        PORTD, 1
;MyProject.c,45 :: 		}
L_main6:
;MyProject.c,46 :: 		}
L_main5:
L_main4:
;MyProject.c,47 :: 		}
0x00CC	0x2875      	GOTO       L_main0
;MyProject.c,48 :: 		}
L_end_main:
0x00CD	0x28CD      	GOTO       $+0
; end of _main
Symbol List:
//** Routines locations **
//ADDRESS    SIZE    PROCEDURE
//----------------------------------------------
0x0004      [67]    _interrupt
0x0047       [7]    _____DoICP
0x004E      [12]    ___CC2DW
0x005A      [14]    _initialize_Interrupt
0x0068     [102]    _main
//** Variables locations ** 
//ADDRESS    SIZE    VARIABLE
//----------------------------------------------
0x0000       [1]    INDF
0x0001       [1]    TMR0
0x0002       [1]    PCL
0x0003       [1]    STATUS
0x0004       [1]    FSR
0x0008       [1]    PORTD
0x000A       [1]    PCLATH
0x000B       [0]    TMR0IE_bit
0x000B       [0]    INTE_bit
0x000B       [0]    INTF_bit
0x000B       [1]    INTCON
0x000B       [0]    GIE_bit
0x0024       [1]    _flag
0x0025       [4]    _counter
0x0029       [4]    _time
0x002D       [2]    ___DoICPAddr
0x002F       [1]    ___saveSTATUS
0x0030       [1]    ___savePCLATH
0x0070       [1]    R0
0x0071       [1]    R1
0x0072       [1]    R2
0x0073       [1]    R3
0x0074       [1]    R4
0x0075       [1]    R5
0x0076       [1]    R6
0x0077       [1]    R7
0x0078       [1]    R8
0x0079       [1]    R9
0x007A       [1]    R10
0x007B       [1]    R11
0x007C       [1]    R12
0x007D       [1]    R13
0x007E       [1]    R14
0x007F       [1]    R15
0x0081       [0]    PS1_bit
0x0081       [0]    PS0_bit
0x0081       [0]    PS2_bit
0x0081       [0]    PSA_bit
0x0081       [0]    T0CS_bit
0x0088       [1]    TRISD
